2016/04/16 14:15:11 [INFO] Terraform version: 0.6.14  c7e5b24531e73aae1eec2f7530d968ac8c69804c
2016/04/16 14:15:11 [DEBUG] Detected home directory from env var: /Users/adron
2016/04/16 14:15:11 [DEBUG] Discovered plugin: atlas = /usr/local/terraform_0_6_14/terraform-provider-atlas
2016/04/16 14:15:11 [DEBUG] Discovered plugin: aws = /usr/local/terraform_0_6_14/terraform-provider-aws
2016/04/16 14:15:11 [DEBUG] Discovered plugin: azure = /usr/local/terraform_0_6_14/terraform-provider-azure
2016/04/16 14:15:11 [DEBUG] Discovered plugin: azurerm = /usr/local/terraform_0_6_14/terraform-provider-azurerm
2016/04/16 14:15:11 [DEBUG] Discovered plugin: chef = /usr/local/terraform_0_6_14/terraform-provider-chef
2016/04/16 14:15:11 [DEBUG] Discovered plugin: clc = /usr/local/terraform_0_6_14/terraform-provider-clc
2016/04/16 14:15:11 [DEBUG] Discovered plugin: cloudflare = /usr/local/terraform_0_6_14/terraform-provider-cloudflare
2016/04/16 14:15:11 [DEBUG] Discovered plugin: cloudstack = /usr/local/terraform_0_6_14/terraform-provider-cloudstack
2016/04/16 14:15:11 [DEBUG] Discovered plugin: consul = /usr/local/terraform_0_6_14/terraform-provider-consul
2016/04/16 14:15:11 [DEBUG] Discovered plugin: datadog = /usr/local/terraform_0_6_14/terraform-provider-datadog
2016/04/16 14:15:11 [DEBUG] Discovered plugin: digitalocean = /usr/local/terraform_0_6_14/terraform-provider-digitalocean
2016/04/16 14:15:11 [DEBUG] Discovered plugin: dme = /usr/local/terraform_0_6_14/terraform-provider-dme
2016/04/16 14:15:11 [DEBUG] Discovered plugin: dnsimple = /usr/local/terraform_0_6_14/terraform-provider-dnsimple
2016/04/16 14:15:11 [DEBUG] Discovered plugin: docker = /usr/local/terraform_0_6_14/terraform-provider-docker
2016/04/16 14:15:11 [DEBUG] Discovered plugin: dyn = /usr/local/terraform_0_6_14/terraform-provider-dyn
2016/04/16 14:15:11 [DEBUG] Discovered plugin: github = /usr/local/terraform_0_6_14/terraform-provider-github
2016/04/16 14:15:11 [DEBUG] Discovered plugin: google = /usr/local/terraform_0_6_14/terraform-provider-google
2016/04/16 14:15:11 [DEBUG] Discovered plugin: heroku = /usr/local/terraform_0_6_14/terraform-provider-heroku
2016/04/16 14:15:11 [DEBUG] Discovered plugin: influxdb = /usr/local/terraform_0_6_14/terraform-provider-influxdb
2016/04/16 14:15:11 [DEBUG] Discovered plugin: mailgun = /usr/local/terraform_0_6_14/terraform-provider-mailgun
2016/04/16 14:15:11 [DEBUG] Discovered plugin: mysql = /usr/local/terraform_0_6_14/terraform-provider-mysql
2016/04/16 14:15:11 [DEBUG] Discovered plugin: null = /usr/local/terraform_0_6_14/terraform-provider-null
2016/04/16 14:15:11 [DEBUG] Discovered plugin: openstack = /usr/local/terraform_0_6_14/terraform-provider-openstack
2016/04/16 14:15:11 [DEBUG] Discovered plugin: packet = /usr/local/terraform_0_6_14/terraform-provider-packet
2016/04/16 14:15:11 [DEBUG] Discovered plugin: postgresql = /usr/local/terraform_0_6_14/terraform-provider-postgresql
2016/04/16 14:15:11 [DEBUG] Discovered plugin: powerdns = /usr/local/terraform_0_6_14/terraform-provider-powerdns
2016/04/16 14:15:11 [DEBUG] Discovered plugin: rundeck = /usr/local/terraform_0_6_14/terraform-provider-rundeck
2016/04/16 14:15:11 [DEBUG] Discovered plugin: statuscake = /usr/local/terraform_0_6_14/terraform-provider-statuscake
2016/04/16 14:15:11 [DEBUG] Discovered plugin: template = /usr/local/terraform_0_6_14/terraform-provider-template
2016/04/16 14:15:11 [DEBUG] Discovered plugin: terraform = /usr/local/terraform_0_6_14/terraform-provider-terraform
2016/04/16 14:15:11 [DEBUG] Discovered plugin: tls = /usr/local/terraform_0_6_14/terraform-provider-tls
2016/04/16 14:15:11 [DEBUG] Discovered plugin: triton = /usr/local/terraform_0_6_14/terraform-provider-triton
2016/04/16 14:15:11 [DEBUG] Discovered plugin: ultradns = /usr/local/terraform_0_6_14/terraform-provider-ultradns
2016/04/16 14:15:11 [DEBUG] Discovered plugin: vcd = /usr/local/terraform_0_6_14/terraform-provider-vcd
2016/04/16 14:15:11 [DEBUG] Discovered plugin: vsphere = /usr/local/terraform_0_6_14/terraform-provider-vsphere
2016/04/16 14:15:11 [DEBUG] Discovered plugin: chef = /usr/local/terraform_0_6_14/terraform-provisioner-chef
2016/04/16 14:15:11 [DEBUG] Discovered plugin: file = /usr/local/terraform_0_6_14/terraform-provisioner-file
2016/04/16 14:15:11 [DEBUG] Discovered plugin: local-exec = /usr/local/terraform_0_6_14/terraform-provisioner-local-exec
2016/04/16 14:15:11 [DEBUG] Discovered plugin: remote-exec = /usr/local/terraform_0_6_14/terraform-provisioner-remote-exec
2016/04/16 14:15:11 [DEBUG] Detected home directory from env var: /Users/adron
2016/04/16 14:15:11 [DEBUG] Attempting to open CLI config file: /Users/adron/.terraformrc
2016/04/16 14:15:11 [DEBUG] File doesn't exist, but doesn't need to. Ignoring.
2016/04/16 14:15:11 [DEBUG] Detected home directory from env var: /Users/adron
2016/04/16 14:15:11 [TRACE] Graph after step *terraform.ConfigTransformer:

google_compute_instance.hubmud
provider.google
2016/04/16 14:15:11 [TRACE] Graph after step *terraform.OrphanTransformer:

google_compute_instance.hubmud
provider.google
2016/04/16 14:15:11 [TRACE] Graph after step *terraform.AddOutputOrphanTransformer:

google_compute_instance.hubmud
provider.google
2016/04/16 14:15:11 [TRACE] Graph after step *terraform.MissingProviderTransformer:

google_compute_instance.hubmud
provider.google
2016/04/16 14:15:11 [TRACE] Graph after step *terraform.ProviderTransformer:

google_compute_instance.hubmud
  provider.google
provider.google
2016/04/16 14:15:11 [TRACE] Graph after step *terraform.DisableProviderTransformer:

google_compute_instance.hubmud
  provider.google
provider.google
2016/04/16 14:15:11 [TRACE] Graph after step *terraform.MissingProvisionerTransformer:

google_compute_instance.hubmud
  provider.google
provider.google
provisioner.file
provisioner.remote-exec
2016/04/16 14:15:11 [TRACE] Graph after step *terraform.ProvisionerTransformer:

google_compute_instance.hubmud
  provider.google
  provisioner.file
  provisioner.remote-exec
provider.google
provisioner.file
provisioner.remote-exec
2016/04/16 14:15:11 [TRACE] Graph after step *terraform.VertexTransformer:

google_compute_instance.hubmud
  provider.google
  provisioner.file
  provisioner.remote-exec
provider.google
provisioner.file
provisioner.remote-exec
2016/04/16 14:15:11 [TRACE] Graph after step *terraform.FlattenTransformer:

google_compute_instance.hubmud
  provider.google
  provisioner.file
  provisioner.remote-exec
provider.google
provisioner.file
provisioner.remote-exec
2016/04/16 14:15:11 [TRACE] Graph after step *terraform.ProxyTransformer:

google_compute_instance.hubmud
  provider.google
  provisioner.file
  provisioner.remote-exec
provider.google
provisioner.file
provisioner.remote-exec
2016/04/16 14:15:11 [TRACE] Graph after step *terraform.TargetsTransformer:

google_compute_instance.hubmud
  provider.google
  provisioner.file
  provisioner.remote-exec
provider.google
provisioner.file
provisioner.remote-exec
2016/04/16 14:15:11 [TRACE] Graph after step *terraform.PruneProviderTransformer:

google_compute_instance.hubmud
  provider.google
  provisioner.file
  provisioner.remote-exec
provider.google
provisioner.file
provisioner.remote-exec
2016/04/16 14:15:11 [TRACE] Graph after step *terraform.DestroyTransformer:

google_compute_instance.hubmud
  google_compute_instance.hubmud (destroy tainted)
  google_compute_instance.hubmud (destroy)
  provider.google
  provisioner.file
  provisioner.remote-exec
google_compute_instance.hubmud (destroy tainted)
  provider.google
  provisioner.file
  provisioner.remote-exec
google_compute_instance.hubmud (destroy)
  provider.google
  provisioner.file
  provisioner.remote-exec
provider.google
provisioner.file
provisioner.remote-exec
2016/04/16 14:15:11 [TRACE] Graph after step *terraform.CreateBeforeDestroyTransformer:

google_compute_instance.hubmud
  google_compute_instance.hubmud (destroy tainted)
  google_compute_instance.hubmud (destroy)
  provider.google
  provisioner.file
  provisioner.remote-exec
google_compute_instance.hubmud (destroy tainted)
  provider.google
  provisioner.file
  provisioner.remote-exec
google_compute_instance.hubmud (destroy)
  provider.google
  provisioner.file
  provisioner.remote-exec
provider.google
provisioner.file
provisioner.remote-exec
2016/04/16 14:15:11 [TRACE] Graph after step *terraform.PruneDestroyTransformer:

google_compute_instance.hubmud
  provider.google
  provisioner.file
  provisioner.remote-exec
provider.google
provisioner.file
provisioner.remote-exec
2016/04/16 14:15:11 [TRACE] Graph after step *terraform.PruneNoopTransformer:

google_compute_instance.hubmud
  provider.google
  provisioner.file
  provisioner.remote-exec
provider.google
provisioner.file
provisioner.remote-exec
2016/04/16 14:15:11 [TRACE] Graph after step *terraform.CloseProviderTransformer:

google_compute_instance.hubmud
  provider.google
  provisioner.file
  provisioner.remote-exec
provider.google
provider.google (close)
  google_compute_instance.hubmud
  provider.google
provisioner.file
provisioner.remote-exec
2016/04/16 14:15:11 [TRACE] Graph after step *terraform.CloseProvisionerTransformer:

google_compute_instance.hubmud
  provider.google
  provisioner.file
  provisioner.remote-exec
provider.google
provider.google (close)
  google_compute_instance.hubmud
  provider.google
provisioner.file
provisioner.file (close)
  google_compute_instance.hubmud
provisioner.remote-exec
provisioner.remote-exec (close)
  google_compute_instance.hubmud
2016/04/16 14:15:11 [TRACE] Graph after step *terraform.TransitiveReductionTransformer:

google_compute_instance.hubmud
  provider.google
  provisioner.file
  provisioner.remote-exec
provider.google
provider.google (close)
  google_compute_instance.hubmud
  provider.google
provisioner.file
provisioner.file (close)
  google_compute_instance.hubmud
provisioner.remote-exec
provisioner.remote-exec (close)
  google_compute_instance.hubmud
2016/04/16 14:15:11 [TRACE] Graph after step *terraform.RootTransformer:

google_compute_instance.hubmud
  provider.google
  provisioner.file
  provisioner.remote-exec
provider.google
provider.google (close)
  google_compute_instance.hubmud
  provider.google
provisioner.file
provisioner.file (close)
  google_compute_instance.hubmud
provisioner.remote-exec
provisioner.remote-exec (close)
  google_compute_instance.hubmud
root
  provider.google (close)
  provisioner.file (close)
  provisioner.remote-exec (close)
2016/04/16 14:15:11 [DEBUG] Starting graph walk: walkInput
2016/04/16 14:15:11 [DEBUG] vertex root.provider.google: walking
2016/04/16 14:15:11 [DEBUG] vertex root.provider.google: evaluating
2016/04/16 14:15:11 [TRACE] [walkInput] Entering eval tree: provider.google
2016/04/16 14:15:11 [DEBUG] root: eval: *terraform.EvalSequence
2016/04/16 14:15:11 [DEBUG] root: eval: *terraform.EvalInitProvider
2016/04/16 14:15:11 [DEBUG] Starting plugin: /usr/local/terraform_0_6_14/terraform-provider-google []string{"/usr/local/terraform_0_6_14/terraform-provider-google"}
2016/04/16 14:15:11 [DEBUG] vertex root.provisioner.remote-exec: walking
2016/04/16 14:15:11 [DEBUG] vertex root.provisioner.remote-exec: evaluating
2016/04/16 14:15:11 [TRACE] [walkInput] Entering eval tree: provisioner.remote-exec
2016/04/16 14:15:11 [DEBUG] root: eval: *terraform.EvalInitProvisioner
2016/04/16 14:15:11 [DEBUG] vertex root.provisioner.file: walking
2016/04/16 14:15:11 [DEBUG] vertex root.provisioner.file: evaluating
2016/04/16 14:15:11 [TRACE] [walkInput] Entering eval tree: provisioner.file
2016/04/16 14:15:11 [DEBUG] root: eval: *terraform.EvalInitProvisioner
2016/04/16 14:15:11 [DEBUG] Starting plugin: /usr/local/terraform_0_6_14/terraform-provisioner-remote-exec []string{"/usr/local/terraform_0_6_14/terraform-provisioner-remote-exec"}
2016/04/16 14:15:11 [DEBUG] Waiting for RPC address for: /usr/local/terraform_0_6_14/terraform-provider-google
2016/04/16 14:15:11 [DEBUG] Waiting for RPC address for: /usr/local/terraform_0_6_14/terraform-provisioner-remote-exec
2016/04/16 14:15:11 [DEBUG] terraform-provider-google: 2016/04/16 14:15:11 Plugin address: unix /var/folders/kl/1vw865bd33ncj0m8bclc37bc0000gn/T/tf-plugin854976193
2016/04/16 14:15:11 [DEBUG] root: eval: *terraform.EvalOpFilter
2016/04/16 14:15:11 [DEBUG] root: eval: *terraform.EvalSequence
2016/04/16 14:15:11 [DEBUG] root: eval: *terraform.EvalGetProvider
2016/04/16 14:15:11 [DEBUG] root: eval: *terraform.EvalInterpolate
2016/04/16 14:15:11 [DEBUG] root: eval: *terraform.EvalBuildProviderConfig
2016/04/16 14:15:11 [DEBUG] root: eval: *terraform.EvalInputProvider
2016/04/16 14:15:11 [DEBUG] root: eval: terraform.EvalNoop
2016/04/16 14:15:11 [DEBUG] root: eval: terraform.EvalNoop
2016/04/16 14:15:11 [DEBUG] root: eval: terraform.EvalNoop
2016/04/16 14:15:11 [TRACE] [walkInput] Exiting eval tree: provider.google
2016/04/16 14:15:11 [DEBUG] vertex google_compute_instance.hubmud, got dep: provider.google
2016/04/16 14:15:11 [DEBUG] vertex provider.google (close), got dep: provider.google
2016/04/16 14:15:11 [DEBUG] terraform-provisioner-remote-exec: 2016/04/16 14:15:11 Plugin address: unix /var/folders/kl/1vw865bd33ncj0m8bclc37bc0000gn/T/tf-plugin085341389
2016/04/16 14:15:11 [TRACE] [walkInput] Exiting eval tree: provisioner.remote-exec
2016/04/16 14:15:11 [DEBUG] Starting plugin: /usr/local/terraform_0_6_14/terraform-provisioner-file []string{"/usr/local/terraform_0_6_14/terraform-provisioner-file"}
2016/04/16 14:15:11 [DEBUG] Waiting for RPC address for: /usr/local/terraform_0_6_14/terraform-provisioner-file
2016/04/16 14:15:11 [DEBUG] terraform-provisioner-file: 2016/04/16 14:15:11 Plugin address: unix /var/folders/kl/1vw865bd33ncj0m8bclc37bc0000gn/T/tf-plugin647530304
2016/04/16 14:15:11 [TRACE] [walkInput] Exiting eval tree: provisioner.file
2016/04/16 14:15:11 [DEBUG] vertex google_compute_instance.hubmud, got dep: provisioner.file
2016/04/16 14:15:11 [DEBUG] vertex google_compute_instance.hubmud, got dep: provisioner.remote-exec
2016/04/16 14:15:11 [DEBUG] vertex root.google_compute_instance.hubmud: walking
2016/04/16 14:15:11 [DEBUG] vertex root.google_compute_instance.hubmud: evaluating
2016/04/16 14:15:11 [TRACE] [walkInput] Entering eval tree: google_compute_instance.hubmud
2016/04/16 14:15:11 [DEBUG] root: eval: *terraform.EvalSequence
2016/04/16 14:15:11 [DEBUG] root: eval: *terraform.EvalInterpolate
2016/04/16 14:15:11 [DEBUG] root: eval: terraform.EvalNoop
2016/04/16 14:15:11 [DEBUG] root: eval: *terraform.EvalCountFixZeroOneBoundary
2016/04/16 14:15:11 [TRACE] [walkInput] Exiting eval tree: google_compute_instance.hubmud
2016/04/16 14:15:11 [DEBUG] vertex root.google_compute_instance.hubmud: expanding/walking dynamic subgraph
2016/04/16 14:15:11 [TRACE] Graph after step *terraform.ResourceCountTransformer:

google_compute_instance.hubmud
2016/04/16 14:15:11 [TRACE] Graph after step *terraform.TargetsTransformer:

google_compute_instance.hubmud
2016/04/16 14:15:11 [TRACE] Graph after step *terraform.RootTransformer:

google_compute_instance.hubmud
2016/04/16 14:15:11 [DEBUG] vertex root.google_compute_instance.hubmud: walking
2016/04/16 14:15:11 [DEBUG] vertex root.google_compute_instance.hubmud: evaluating
2016/04/16 14:15:11 [TRACE] [walkInput] Entering eval tree: google_compute_instance.hubmud
2016/04/16 14:15:11 [DEBUG] root: eval: *terraform.EvalSequence
2016/04/16 14:15:11 [DEBUG] root: eval: terraform.EvalNoop
2016/04/16 14:15:11 [DEBUG] root: eval: *terraform.EvalInstanceInfo
2016/04/16 14:15:11 [DEBUG] root: eval: terraform.EvalNoop
2016/04/16 14:15:11 [DEBUG] root: eval: terraform.EvalNoop
2016/04/16 14:15:11 [DEBUG] root: eval: terraform.EvalNoop
2016/04/16 14:15:11 [DEBUG] root: eval: terraform.EvalNoop
2016/04/16 14:15:11 [TRACE] [walkInput] Exiting eval tree: google_compute_instance.hubmud
2016/04/16 14:15:11 [DEBUG] vertex provider.google (close), got dep: google_compute_instance.hubmud
2016/04/16 14:15:11 [DEBUG] vertex root.provider.google (close): walking
2016/04/16 14:15:11 [DEBUG] vertex provisioner.file (close), got dep: google_compute_instance.hubmud
2016/04/16 14:15:11 [DEBUG] vertex root.provider.google (close): evaluating
2016/04/16 14:15:11 [DEBUG] vertex root.provisioner.file (close): walking
2016/04/16 14:15:11 [DEBUG] vertex provisioner.remote-exec (close), got dep: google_compute_instance.hubmud
2016/04/16 14:15:11 [DEBUG] vertex root.provisioner.file (close): evaluating
2016/04/16 14:15:11 [TRACE] [walkInput] Entering eval tree: provider.google (close)
2016/04/16 14:15:11 [DEBUG] vertex root.provisioner.remote-exec (close): walking
2016/04/16 14:15:11 [DEBUG] root: eval: *terraform.EvalCloseProvider
2016/04/16 14:15:11 [DEBUG] vertex root.provisioner.remote-exec (close): evaluating
2016/04/16 14:15:11 [TRACE] [walkInput] Entering eval tree: provisioner.file (close)
2016/04/16 14:15:11 [DEBUG] root: eval: *terraform.EvalCloseProvisioner
2016/04/16 14:15:11 [TRACE] [walkInput] Entering eval tree: provisioner.remote-exec (close)
2016/04/16 14:15:11 [DEBUG] root: eval: *terraform.EvalCloseProvisioner
2016/04/16 14:15:11 [TRACE] [walkInput] Exiting eval tree: provisioner.remote-exec (close)
2016/04/16 14:15:11 [DEBUG] vertex root, got dep: provisioner.remote-exec (close)
2016/04/16 14:15:11 [TRACE] [walkInput] Exiting eval tree: provisioner.file (close)
2016/04/16 14:15:11 [TRACE] [walkInput] Exiting eval tree: provider.google (close)
2016/04/16 14:15:11 [DEBUG] vertex root, got dep: provider.google (close)
2016/04/16 14:15:11 [DEBUG] vertex root, got dep: provisioner.file (close)
2016/04/16 14:15:11 [DEBUG] vertex root.root: walking
2016/04/16 14:15:11 [TRACE] Graph after step *terraform.ConfigTransformer:

google_compute_instance.hubmud
provider.google
2016/04/16 14:15:11 [TRACE] Graph after step *terraform.OrphanTransformer:

google_compute_instance.hubmud
provider.google
2016/04/16 14:15:11 [TRACE] Graph after step *terraform.AddOutputOrphanTransformer:

google_compute_instance.hubmud
provider.google
2016/04/16 14:15:11 [TRACE] Graph after step *terraform.MissingProviderTransformer:

google_compute_instance.hubmud
provider.google
2016/04/16 14:15:11 [TRACE] Graph after step *terraform.ProviderTransformer:

google_compute_instance.hubmud
  provider.google
provider.google
2016/04/16 14:15:11 [TRACE] Graph after step *terraform.DisableProviderTransformer:

google_compute_instance.hubmud
  provider.google
provider.google
2016/04/16 14:15:11 [TRACE] Graph after step *terraform.MissingProvisionerTransformer:

google_compute_instance.hubmud
  provider.google
provider.google
provisioner.file
provisioner.remote-exec
2016/04/16 14:15:11 [TRACE] Graph after step *terraform.ProvisionerTransformer:

google_compute_instance.hubmud
  provider.google
  provisioner.file
  provisioner.remote-exec
provider.google
provisioner.file
provisioner.remote-exec
2016/04/16 14:15:11 [TRACE] Graph after step *terraform.VertexTransformer:

google_compute_instance.hubmud
  provider.google
  provisioner.file
  provisioner.remote-exec
provider.google
provisioner.file
provisioner.remote-exec
2016/04/16 14:15:11 [TRACE] Graph after step *terraform.FlattenTransformer:

google_compute_instance.hubmud
  provider.google
  provisioner.file
  provisioner.remote-exec
provider.google
provisioner.file
provisioner.remote-exec
2016/04/16 14:15:11 [TRACE] Graph after step *terraform.ProxyTransformer:

google_compute_instance.hubmud
  provider.google
  provisioner.file
  provisioner.remote-exec
provider.google
provisioner.file
provisioner.remote-exec
2016/04/16 14:15:11 [TRACE] Graph after step *terraform.TargetsTransformer:

google_compute_instance.hubmud
  provider.google
  provisioner.file
  provisioner.remote-exec
provider.google
provisioner.file
provisioner.remote-exec
2016/04/16 14:15:11 [TRACE] Graph after step *terraform.PruneProviderTransformer:

google_compute_instance.hubmud
  provider.google
  provisioner.file
  provisioner.remote-exec
provider.google
provisioner.file
provisioner.remote-exec
2016/04/16 14:15:11 [TRACE] Graph after step *terraform.DestroyTransformer:

google_compute_instance.hubmud
  google_compute_instance.hubmud (destroy tainted)
  google_compute_instance.hubmud (destroy)
  provider.google
  provisioner.file
  provisioner.remote-exec
google_compute_instance.hubmud (destroy tainted)
  provider.google
  provisioner.file
  provisioner.remote-exec
google_compute_instance.hubmud (destroy)
  provider.google
  provisioner.file
  provisioner.remote-exec
provider.google
provisioner.file
provisioner.remote-exec
2016/04/16 14:15:11 [TRACE] Graph after step *terraform.CreateBeforeDestroyTransformer:

google_compute_instance.hubmud
  google_compute_instance.hubmud (destroy tainted)
  google_compute_instance.hubmud (destroy)
  provider.google
  provisioner.file
  provisioner.remote-exec
google_compute_instance.hubmud (destroy tainted)
  provider.google
  provisioner.file
  provisioner.remote-exec
google_compute_instance.hubmud (destroy)
  provider.google
  provisioner.file
  provisioner.remote-exec
provider.google
provisioner.file
provisioner.remote-exec
2016/04/16 14:15:11 [TRACE] Graph after step *terraform.PruneDestroyTransformer:

google_compute_instance.hubmud
  provider.google
  provisioner.file
  provisioner.remote-exec
provider.google
provisioner.file
provisioner.remote-exec
2016/04/16 14:15:11 [TRACE] Graph after step *terraform.PruneNoopTransformer:

google_compute_instance.hubmud
  provider.google
  provisioner.file
  provisioner.remote-exec
provider.google
provisioner.file
provisioner.remote-exec
2016/04/16 14:15:11 [TRACE] Graph after step *terraform.CloseProviderTransformer:

google_compute_instance.hubmud
  provider.google
  provisioner.file
  provisioner.remote-exec
provider.google
provider.google (close)
  google_compute_instance.hubmud
  provider.google
provisioner.file
provisioner.remote-exec
2016/04/16 14:15:11 [TRACE] Graph after step *terraform.CloseProvisionerTransformer:

google_compute_instance.hubmud
  provider.google
  provisioner.file
  provisioner.remote-exec
provider.google
provider.google (close)
  google_compute_instance.hubmud
  provider.google
provisioner.file
provisioner.file (close)
  google_compute_instance.hubmud
provisioner.remote-exec
provisioner.remote-exec (close)
  google_compute_instance.hubmud
2016/04/16 14:15:11 [TRACE] Graph after step *terraform.TransitiveReductionTransformer:

google_compute_instance.hubmud
  provider.google
  provisioner.file
  provisioner.remote-exec
provider.google
provider.google (close)
  google_compute_instance.hubmud
  provider.google
provisioner.file
provisioner.file (close)
  google_compute_instance.hubmud
provisioner.remote-exec
provisioner.remote-exec (close)
  google_compute_instance.hubmud
2016/04/16 14:15:11 [TRACE] Graph after step *terraform.RootTransformer:

google_compute_instance.hubmud
  provider.google
  provisioner.file
  provisioner.remote-exec
provider.google
provider.google (close)
  google_compute_instance.hubmud
  provider.google
provisioner.file
provisioner.file (close)
  google_compute_instance.hubmud
provisioner.remote-exec
provisioner.remote-exec (close)
  google_compute_instance.hubmud
root
  provider.google (close)
  provisioner.file (close)
  provisioner.remote-exec (close)
2016/04/16 14:15:11 [DEBUG] Starting graph walk: walkValidate
2016/04/16 14:15:11 [DEBUG] vertex root.provisioner.remote-exec: walking
2016/04/16 14:15:11 [DEBUG] vertex root.provisioner.remote-exec: evaluating
2016/04/16 14:15:11 [TRACE] [walkValidate] Entering eval tree: provisioner.remote-exec
2016/04/16 14:15:11 [DEBUG] root: eval: *terraform.EvalInitProvisioner
2016/04/16 14:15:11 [DEBUG] vertex root.provisioner.file: walking
2016/04/16 14:15:11 [DEBUG] vertex root.provisioner.file: evaluating
2016/04/16 14:15:11 [TRACE] [walkValidate] Entering eval tree: provisioner.file
2016/04/16 14:15:11 [DEBUG] root: eval: *terraform.EvalInitProvisioner
2016/04/16 14:15:11 [DEBUG] vertex root.provider.google: walking
2016/04/16 14:15:11 [DEBUG] vertex root.provider.google: evaluating
2016/04/16 14:15:11 [TRACE] [walkValidate] Entering eval tree: provider.google
2016/04/16 14:15:11 [DEBUG] root: eval: *terraform.EvalSequence
2016/04/16 14:15:11 [DEBUG] root: eval: *terraform.EvalInitProvider
2016/04/16 14:15:11 [TRACE] [walkValidate] Exiting eval tree: provisioner.remote-exec
2016/04/16 14:15:11 [DEBUG] vertex google_compute_instance.hubmud, got dep: provisioner.remote-exec
2016/04/16 14:15:11 [DEBUG] root: eval: terraform.EvalNoop
2016/04/16 14:15:11 [DEBUG] root: eval: *terraform.EvalOpFilter
2016/04/16 14:15:11 [DEBUG] root: eval: *terraform.EvalSequence
2016/04/16 14:15:11 [DEBUG] root: eval: *terraform.EvalGetProvider
2016/04/16 14:15:11 [DEBUG] root: eval: *terraform.EvalInterpolate
2016/04/16 14:15:11 [TRACE] [walkValidate] Exiting eval tree: provisioner.file
2016/04/16 14:15:11 [DEBUG] root: eval: *terraform.EvalBuildProviderConfig
2016/04/16 14:15:11 [DEBUG] root: eval: *terraform.EvalValidateProvider
2016/04/16 14:15:11 [DEBUG] root: eval: *terraform.EvalSetProviderConfig
2016/04/16 14:15:11 [DEBUG] root: eval: terraform.EvalNoop
2016/04/16 14:15:11 [DEBUG] root: eval: terraform.EvalNoop
2016/04/16 14:15:11 [TRACE] [walkValidate] Exiting eval tree: provider.google
2016/04/16 14:15:11 [DEBUG] vertex google_compute_instance.hubmud, got dep: provider.google
2016/04/16 14:15:11 [DEBUG] vertex google_compute_instance.hubmud, got dep: provisioner.file
2016/04/16 14:15:11 [DEBUG] vertex provider.google (close), got dep: provider.google
2016/04/16 14:15:11 [DEBUG] vertex root.google_compute_instance.hubmud: walking
2016/04/16 14:15:11 [DEBUG] vertex root.google_compute_instance.hubmud: evaluating
2016/04/16 14:15:11 [TRACE] [walkValidate] Entering eval tree: google_compute_instance.hubmud
2016/04/16 14:15:11 [DEBUG] root: eval: *terraform.EvalSequence
2016/04/16 14:15:11 [DEBUG] root: eval: *terraform.EvalInterpolate
2016/04/16 14:15:11 [DEBUG] root: eval: *terraform.EvalOpFilter
2016/04/16 14:15:11 [DEBUG] root: eval: *terraform.EvalValidateCount
2016/04/16 14:15:11 [DEBUG] root: eval: *terraform.EvalCountFixZeroOneBoundary
2016/04/16 14:15:11 [TRACE] [walkValidate] Exiting eval tree: google_compute_instance.hubmud
2016/04/16 14:15:11 [DEBUG] vertex root.google_compute_instance.hubmud: expanding/walking dynamic subgraph
2016/04/16 14:15:11 [TRACE] Graph after step *terraform.ResourceCountTransformer:

google_compute_instance.hubmud
2016/04/16 14:15:11 [TRACE] Graph after step *terraform.TargetsTransformer:

google_compute_instance.hubmud
2016/04/16 14:15:11 [TRACE] Graph after step *terraform.RootTransformer:

google_compute_instance.hubmud
2016/04/16 14:15:11 [DEBUG] vertex root.google_compute_instance.hubmud: walking
2016/04/16 14:15:11 [DEBUG] vertex root.google_compute_instance.hubmud: evaluating
2016/04/16 14:15:11 [TRACE] [walkValidate] Entering eval tree: google_compute_instance.hubmud
2016/04/16 14:15:11 [DEBUG] root: eval: *terraform.EvalSequence
2016/04/16 14:15:11 [DEBUG] root: eval: *terraform.EvalOpFilter
2016/04/16 14:15:11 [DEBUG] root: eval: *terraform.EvalSequence
2016/04/16 14:15:11 [DEBUG] root: eval: *terraform.EvalGetProvider
2016/04/16 14:15:11 [DEBUG] root: eval: *terraform.EvalInterpolate
2016/04/16 14:15:11 [DEBUG] root: eval: *terraform.EvalValidateResource
2016/04/16 14:15:11 [DEBUG] root: eval: *terraform.EvalGetProvisioner
2016/04/16 14:15:11 [DEBUG] root: eval: *terraform.EvalInterpolate
2016/04/16 14:15:11 [DEBUG] root: eval: *terraform.EvalValidateProvisioner
2016/04/16 14:15:11 [DEBUG] root: eval: *terraform.EvalGetProvisioner
2016/04/16 14:15:11 [DEBUG] root: eval: *terraform.EvalInterpolate
2016/04/16 14:15:11 [DEBUG] root: eval: *terraform.EvalValidateProvisioner
2016/04/16 14:15:11 [DEBUG] root: eval: *terraform.EvalInstanceInfo
2016/04/16 14:15:11 [DEBUG] root: eval: terraform.EvalNoop
2016/04/16 14:15:11 [DEBUG] root: eval: terraform.EvalNoop
2016/04/16 14:15:11 [DEBUG] root: eval: terraform.EvalNoop
2016/04/16 14:15:11 [DEBUG] root: eval: terraform.EvalNoop
2016/04/16 14:15:11 [TRACE] [walkValidate] Exiting eval tree: google_compute_instance.hubmud
2016/04/16 14:15:11 [DEBUG] vertex provider.google (close), got dep: google_compute_instance.hubmud
2016/04/16 14:15:11 [DEBUG] vertex provisioner.file (close), got dep: google_compute_instance.hubmud
2016/04/16 14:15:11 [DEBUG] vertex provisioner.remote-exec (close), got dep: google_compute_instance.hubmud
2016/04/16 14:15:11 [DEBUG] vertex root.provider.google (close): walking
2016/04/16 14:15:11 [DEBUG] vertex root.provider.google (close): evaluating
2016/04/16 14:15:11 [DEBUG] vertex root.provisioner.remote-exec (close): walking
2016/04/16 14:15:11 [DEBUG] vertex root.provisioner.file (close): walking
2016/04/16 14:15:11 [DEBUG] vertex root.provisioner.file (close): evaluating
2016/04/16 14:15:11 [TRACE] [walkValidate] Entering eval tree: provider.google (close)
2016/04/16 14:15:11 [DEBUG] root: eval: *terraform.EvalCloseProvider
2016/04/16 14:15:11 [TRACE] [walkValidate] Entering eval tree: provisioner.file (close)
2016/04/16 14:15:11 [DEBUG] root: eval: *terraform.EvalCloseProvisioner
2016/04/16 14:15:11 [TRACE] [walkValidate] Exiting eval tree: provider.google (close)
2016/04/16 14:15:11 [DEBUG] vertex root.provisioner.remote-exec (close): evaluating
2016/04/16 14:15:11 [TRACE] [walkValidate] Exiting eval tree: provisioner.file (close)
2016/04/16 14:15:11 [TRACE] [walkValidate] Entering eval tree: provisioner.remote-exec (close)
2016/04/16 14:15:11 [DEBUG] vertex root, got dep: provisioner.file (close)
2016/04/16 14:15:11 [DEBUG] root: eval: *terraform.EvalCloseProvisioner
2016/04/16 14:15:11 [TRACE] [walkValidate] Exiting eval tree: provisioner.remote-exec (close)
2016/04/16 14:15:11 [DEBUG] vertex root, got dep: provisioner.remote-exec (close)
2016/04/16 14:15:11 [DEBUG] vertex root, got dep: provider.google (close)
2016/04/16 14:15:11 [DEBUG] vertex root.root: walking
2016/04/16 14:15:11 [TRACE] Graph after step *terraform.ConfigTransformer:

google_compute_instance.hubmud
provider.google
2016/04/16 14:15:11 [TRACE] Graph after step *terraform.OrphanTransformer:

google_compute_instance.hubmud
provider.google
2016/04/16 14:15:11 [TRACE] Graph after step *terraform.AddOutputOrphanTransformer:

google_compute_instance.hubmud
provider.google
2016/04/16 14:15:11 [TRACE] Graph after step *terraform.MissingProviderTransformer:

google_compute_instance.hubmud
provider.google
2016/04/16 14:15:11 [TRACE] Graph after step *terraform.ProviderTransformer:

google_compute_instance.hubmud
  provider.google
provider.google
2016/04/16 14:15:11 [TRACE] Graph after step *terraform.DisableProviderTransformer:

google_compute_instance.hubmud
  provider.google
provider.google
2016/04/16 14:15:11 [TRACE] Graph after step *terraform.MissingProvisionerTransformer:

google_compute_instance.hubmud
  provider.google
provider.google
provisioner.file
provisioner.remote-exec
2016/04/16 14:15:11 [TRACE] Graph after step *terraform.ProvisionerTransformer:

google_compute_instance.hubmud
  provider.google
  provisioner.file
  provisioner.remote-exec
provider.google
provisioner.file
provisioner.remote-exec
2016/04/16 14:15:11 [TRACE] Graph after step *terraform.VertexTransformer:

google_compute_instance.hubmud
  provider.google
  provisioner.file
  provisioner.remote-exec
provider.google
provisioner.file
provisioner.remote-exec
2016/04/16 14:15:11 [TRACE] Graph after step *terraform.FlattenTransformer:

google_compute_instance.hubmud
  provider.google
  provisioner.file
  provisioner.remote-exec
provider.google
provisioner.file
provisioner.remote-exec
2016/04/16 14:15:11 [TRACE] Graph after step *terraform.ProxyTransformer:

google_compute_instance.hubmud
  provider.google
  provisioner.file
  provisioner.remote-exec
provider.google
provisioner.file
provisioner.remote-exec
2016/04/16 14:15:11 [TRACE] Graph after step *terraform.TargetsTransformer:

google_compute_instance.hubmud
  provider.google
  provisioner.file
  provisioner.remote-exec
provider.google
provisioner.file
provisioner.remote-exec
2016/04/16 14:15:11 [TRACE] Graph after step *terraform.PruneProviderTransformer:

google_compute_instance.hubmud
  provider.google
  provisioner.file
  provisioner.remote-exec
provider.google
provisioner.file
provisioner.remote-exec
2016/04/16 14:15:11 [TRACE] Graph after step *terraform.DestroyTransformer:

google_compute_instance.hubmud
  google_compute_instance.hubmud (destroy tainted)
  google_compute_instance.hubmud (destroy)
  provider.google
  provisioner.file
  provisioner.remote-exec
google_compute_instance.hubmud (destroy tainted)
  provider.google
  provisioner.file
  provisioner.remote-exec
google_compute_instance.hubmud (destroy)
  provider.google
  provisioner.file
  provisioner.remote-exec
provider.google
provisioner.file
provisioner.remote-exec
2016/04/16 14:15:11 [TRACE] Graph after step *terraform.CreateBeforeDestroyTransformer:

google_compute_instance.hubmud
  google_compute_instance.hubmud (destroy tainted)
  google_compute_instance.hubmud (destroy)
  provider.google
  provisioner.file
  provisioner.remote-exec
google_compute_instance.hubmud (destroy tainted)
  provider.google
  provisioner.file
  provisioner.remote-exec
google_compute_instance.hubmud (destroy)
  provider.google
  provisioner.file
  provisioner.remote-exec
provider.google
provisioner.file
provisioner.remote-exec
2016/04/16 14:15:11 [TRACE] Graph after step *terraform.PruneDestroyTransformer:

google_compute_instance.hubmud
  provider.google
  provisioner.file
  provisioner.remote-exec
provider.google
provisioner.file
provisioner.remote-exec
2016/04/16 14:15:11 [TRACE] Graph after step *terraform.PruneNoopTransformer:

google_compute_instance.hubmud
  provider.google
  provisioner.file
  provisioner.remote-exec
provider.google
provisioner.file
provisioner.remote-exec
2016/04/16 14:15:11 [TRACE] Graph after step *terraform.CloseProviderTransformer:

google_compute_instance.hubmud
  provider.google
  provisioner.file
  provisioner.remote-exec
provider.google
provider.google (close)
  google_compute_instance.hubmud
  provider.google
provisioner.file
provisioner.remote-exec
2016/04/16 14:15:11 [TRACE] Graph after step *terraform.CloseProvisionerTransformer:

google_compute_instance.hubmud
  provider.google
  provisioner.file
  provisioner.remote-exec
provider.google
provider.google (close)
  google_compute_instance.hubmud
  provider.google
provisioner.file
provisioner.file (close)
  google_compute_instance.hubmud
provisioner.remote-exec
provisioner.remote-exec (close)
  google_compute_instance.hubmud
2016/04/16 14:15:11 [TRACE] Graph after step *terraform.TransitiveReductionTransformer:

google_compute_instance.hubmud
  provider.google
  provisioner.file
  provisioner.remote-exec
provider.google
provider.google (close)
  google_compute_instance.hubmud
  provider.google
provisioner.file
provisioner.file (close)
  google_compute_instance.hubmud
provisioner.remote-exec
provisioner.remote-exec (close)
  google_compute_instance.hubmud
2016/04/16 14:15:11 [TRACE] Graph after step *terraform.RootTransformer:

google_compute_instance.hubmud
  provider.google
  provisioner.file
  provisioner.remote-exec
provider.google
provider.google (close)
  google_compute_instance.hubmud
  provider.google
provisioner.file
provisioner.file (close)
  google_compute_instance.hubmud
provisioner.remote-exec
provisioner.remote-exec (close)
  google_compute_instance.hubmud
root
  provider.google (close)
  provisioner.file (close)
  provisioner.remote-exec (close)
2016/04/16 14:15:11 [DEBUG] Starting graph walk: walkRefresh
2016/04/16 14:15:11 [DEBUG] vertex root.provisioner.file: walking
2016/04/16 14:15:11 [DEBUG] vertex root.provisioner.file: evaluating
2016/04/16 14:15:11 [DEBUG] vertex root.provider.google: walking
2016/04/16 14:15:11 [DEBUG] vertex root.provider.google: evaluating
2016/04/16 14:15:11 [TRACE] [walkRefresh] Entering eval tree: provisioner.file
2016/04/16 14:15:11 [DEBUG] root: eval: *terraform.EvalInitProvisioner
2016/04/16 14:15:11 [DEBUG] vertex root.provisioner.remote-exec: walking
2016/04/16 14:15:11 [DEBUG] vertex root.provisioner.remote-exec: evaluating
2016/04/16 14:15:11 [TRACE] [walkRefresh] Entering eval tree: provisioner.remote-exec
2016/04/16 14:15:11 [DEBUG] root: eval: *terraform.EvalInitProvisioner
2016/04/16 14:15:11 [TRACE] [walkRefresh] Entering eval tree: provider.google
2016/04/16 14:15:11 [DEBUG] root: eval: *terraform.EvalSequence
2016/04/16 14:15:11 [DEBUG] root: eval: *terraform.EvalInitProvider
2016/04/16 14:15:11 [TRACE] [walkRefresh] Exiting eval tree: provisioner.file
2016/04/16 14:15:11 [DEBUG] root: eval: terraform.EvalNoop
2016/04/16 14:15:11 [DEBUG] root: eval: terraform.EvalNoop
2016/04/16 14:15:11 [DEBUG] root: eval: *terraform.EvalOpFilter
2016/04/16 14:15:11 [DEBUG] root: eval: *terraform.EvalSequence
2016/04/16 14:15:11 [DEBUG] root: eval: *terraform.EvalGetProvider
2016/04/16 14:15:11 [DEBUG] root: eval: *terraform.EvalInterpolate
2016/04/16 14:15:11 [DEBUG] root: eval: *terraform.EvalBuildProviderConfig
2016/04/16 14:15:11 [TRACE] [walkRefresh] Exiting eval tree: provisioner.remote-exec
2016/04/16 14:15:11 [DEBUG] root: eval: *terraform.EvalSetProviderConfig
2016/04/16 14:15:11 [DEBUG] root: eval: *terraform.EvalOpFilter
2016/04/16 14:15:11 [DEBUG] root: eval: *terraform.EvalSequence
2016/04/16 14:15:11 [DEBUG] root: eval: *terraform.EvalConfigProvider
2016/04/16 14:15:11 [DEBUG] terraform-provider-google: 2016/04/16 14:15:11 [INFO] Requesting Google token...
2016/04/16 14:15:11 [DEBUG] terraform-provider-google: 2016/04/16 14:15:11 [INFO]   -- Email: hub-mud-terraformer@adrons-universe.iam.gserviceaccount.com
2016/04/16 14:15:11 [DEBUG] terraform-provider-google: 2016/04/16 14:15:11 [INFO]   -- Scopes: [https://www.googleapis.com/auth/compute https://www.googleapis.com/auth/cloud-platform https://www.googleapis.com/auth/ndev.clouddns.readwrite https://www.googleapis.com/auth/devstorage.full_control]
2016/04/16 14:15:11 [DEBUG] terraform-provider-google: 2016/04/16 14:15:11 [INFO]   -- Private Key Length: 1708
2016/04/16 14:15:11 [DEBUG] terraform-provider-google: 2016/04/16 14:15:11 [INFO] Instantiating GCE client...
2016/04/16 14:15:11 [DEBUG] terraform-provider-google: 2016/04/16 14:15:11 [INFO] Instantiating GKE client...
2016/04/16 14:15:11 [DEBUG] terraform-provider-google: 2016/04/16 14:15:11 [INFO] Instantiating Google Cloud DNS client...
2016/04/16 14:15:11 [DEBUG] terraform-provider-google: 2016/04/16 14:15:11 [INFO] Instantiating Google Storage Client...
2016/04/16 14:15:11 [DEBUG] terraform-provider-google: 2016/04/16 14:15:11 [INFO] Instantiating Google SqlAdmin Client...
2016/04/16 14:15:11 [DEBUG] terraform-provider-google: 2016/04/16 14:15:11 [INFO] Instatiating Google Pubsub Client...
2016/04/16 14:15:11 [TRACE] [walkRefresh] Exiting eval tree: provider.google
2016/04/16 14:15:11 [DEBUG] vertex google_compute_instance.hubmud, got dep: provider.google
2016/04/16 14:15:11 [DEBUG] vertex google_compute_instance.hubmud, got dep: provisioner.file
2016/04/16 14:15:11 [DEBUG] vertex google_compute_instance.hubmud, got dep: provisioner.remote-exec
2016/04/16 14:15:11 [DEBUG] vertex root.google_compute_instance.hubmud: walking
2016/04/16 14:15:11 [DEBUG] vertex provider.google (close), got dep: provider.google
2016/04/16 14:15:11 [DEBUG] vertex root.google_compute_instance.hubmud: evaluating
2016/04/16 14:15:11 [TRACE] [walkRefresh] Entering eval tree: google_compute_instance.hubmud
2016/04/16 14:15:11 [DEBUG] root: eval: *terraform.EvalSequence
2016/04/16 14:15:11 [DEBUG] root: eval: *terraform.EvalInterpolate
2016/04/16 14:15:11 [DEBUG] root: eval: terraform.EvalNoop
2016/04/16 14:15:11 [DEBUG] root: eval: *terraform.EvalCountFixZeroOneBoundary
2016/04/16 14:15:11 [TRACE] [walkRefresh] Exiting eval tree: google_compute_instance.hubmud
2016/04/16 14:15:11 [DEBUG] vertex root.google_compute_instance.hubmud: expanding/walking dynamic subgraph
2016/04/16 14:15:11 [TRACE] Graph after step *terraform.ResourceCountTransformer:

google_compute_instance.hubmud
2016/04/16 14:15:11 [TRACE] Graph after step *terraform.TargetsTransformer:

google_compute_instance.hubmud
2016/04/16 14:15:11 [TRACE] Graph after step *terraform.RootTransformer:

google_compute_instance.hubmud
2016/04/16 14:15:11 [DEBUG] vertex root.google_compute_instance.hubmud: walking
2016/04/16 14:15:11 [DEBUG] vertex root.google_compute_instance.hubmud: evaluating
2016/04/16 14:15:11 [TRACE] [walkRefresh] Entering eval tree: google_compute_instance.hubmud
2016/04/16 14:15:11 [DEBUG] root: eval: *terraform.EvalSequence
2016/04/16 14:15:11 [DEBUG] root: eval: terraform.EvalNoop
2016/04/16 14:15:11 [DEBUG] root: eval: *terraform.EvalInstanceInfo
2016/04/16 14:15:11 [DEBUG] root: eval: *terraform.EvalOpFilter
2016/04/16 14:15:11 [DEBUG] root: eval: *terraform.EvalSequence
2016/04/16 14:15:11 [DEBUG] root: eval: *terraform.EvalGetProvider
2016/04/16 14:15:11 [DEBUG] root: eval: *terraform.EvalReadState
2016/04/16 14:15:11 [DEBUG] root: eval: *terraform.EvalRefresh
2016/04/16 14:15:11 [DEBUG] refresh: google_compute_instance.hubmud: no state, not refreshing
2016/04/16 14:15:11 [DEBUG] root: eval: *terraform.EvalWriteState
2016/04/16 14:15:11 [DEBUG] root: eval: terraform.EvalNoop
2016/04/16 14:15:11 [DEBUG] root: eval: terraform.EvalNoop
2016/04/16 14:15:11 [DEBUG] root: eval: terraform.EvalNoop
2016/04/16 14:15:11 [TRACE] [walkRefresh] Exiting eval tree: google_compute_instance.hubmud
2016/04/16 14:15:11 [DEBUG] vertex provider.google (close), got dep: google_compute_instance.hubmud
2016/04/16 14:15:11 [DEBUG] vertex root.provider.google (close): walking
2016/04/16 14:15:11 [DEBUG] vertex root.provider.google (close): evaluating
2016/04/16 14:15:11 [DEBUG] vertex provisioner.remote-exec (close), got dep: google_compute_instance.hubmud
2016/04/16 14:15:11 [DEBUG] vertex root.provisioner.remote-exec (close): walking
2016/04/16 14:15:11 [DEBUG] vertex root.provisioner.remote-exec (close): evaluating
2016/04/16 14:15:11 [TRACE] [walkRefresh] Entering eval tree: provider.google (close)
2016/04/16 14:15:11 [DEBUG] root: eval: *terraform.EvalCloseProvider
2016/04/16 14:15:11 [TRACE] [walkRefresh] Entering eval tree: provisioner.remote-exec (close)
2016/04/16 14:15:11 [DEBUG] root: eval: *terraform.EvalCloseProvisioner
2016/04/16 14:15:11 [TRACE] [walkRefresh] Exiting eval tree: provider.google (close)
2016/04/16 14:15:11 [TRACE] [walkRefresh] Exiting eval tree: provisioner.remote-exec (close)
2016/04/16 14:15:11 [DEBUG] vertex provisioner.file (close), got dep: google_compute_instance.hubmud
2016/04/16 14:15:11 [DEBUG] vertex root, got dep: provisioner.remote-exec (close)
2016/04/16 14:15:11 [DEBUG] vertex root, got dep: provider.google (close)
2016/04/16 14:15:11 [DEBUG] vertex root.provisioner.file (close): walking
2016/04/16 14:15:11 [DEBUG] vertex root.provisioner.file (close): evaluating
2016/04/16 14:15:11 [TRACE] [walkRefresh] Entering eval tree: provisioner.file (close)
2016/04/16 14:15:11 [DEBUG] root: eval: *terraform.EvalCloseProvisioner
2016/04/16 14:15:11 [TRACE] [walkRefresh] Exiting eval tree: provisioner.file (close)
2016/04/16 14:15:11 [DEBUG] vertex root, got dep: provisioner.file (close)
2016/04/16 14:15:11 [DEBUG] vertex root.root: walking
2016/04/16 14:15:11 [TRACE] Graph after step *terraform.ConfigTransformer:

google_compute_instance.hubmud
provider.google
2016/04/16 14:15:11 [TRACE] Graph after step *terraform.OrphanTransformer:

google_compute_instance.hubmud
provider.google
2016/04/16 14:15:11 [TRACE] Graph after step *terraform.AddOutputOrphanTransformer:

google_compute_instance.hubmud
provider.google
2016/04/16 14:15:11 [TRACE] Graph after step *terraform.MissingProviderTransformer:

google_compute_instance.hubmud
provider.google
2016/04/16 14:15:11 [TRACE] Graph after step *terraform.ProviderTransformer:

google_compute_instance.hubmud
  provider.google
provider.google
2016/04/16 14:15:11 [TRACE] Graph after step *terraform.DisableProviderTransformer:

google_compute_instance.hubmud
  provider.google
provider.google
2016/04/16 14:15:11 [TRACE] Graph after step *terraform.MissingProvisionerTransformer:

google_compute_instance.hubmud
  provider.google
provider.google
provisioner.file
provisioner.remote-exec
2016/04/16 14:15:11 [TRACE] Graph after step *terraform.ProvisionerTransformer:

google_compute_instance.hubmud
  provider.google
  provisioner.file
  provisioner.remote-exec
provider.google
provisioner.file
provisioner.remote-exec
2016/04/16 14:15:11 [TRACE] Graph after step *terraform.VertexTransformer:

google_compute_instance.hubmud
  provider.google
  provisioner.file
  provisioner.remote-exec
provider.google
provisioner.file
provisioner.remote-exec
2016/04/16 14:15:11 [TRACE] Graph after step *terraform.FlattenTransformer:

google_compute_instance.hubmud
  provider.google
  provisioner.file
  provisioner.remote-exec
provider.google
provisioner.file
provisioner.remote-exec
2016/04/16 14:15:11 [TRACE] Graph after step *terraform.ProxyTransformer:

google_compute_instance.hubmud
  provider.google
  provisioner.file
  provisioner.remote-exec
provider.google
provisioner.file
provisioner.remote-exec
2016/04/16 14:15:11 [TRACE] Graph after step *terraform.TargetsTransformer:

google_compute_instance.hubmud
  provider.google
  provisioner.file
  provisioner.remote-exec
provider.google
provisioner.file
provisioner.remote-exec
2016/04/16 14:15:11 [TRACE] Graph after step *terraform.PruneProviderTransformer:

google_compute_instance.hubmud
  provider.google
  provisioner.file
  provisioner.remote-exec
provider.google
provisioner.file
provisioner.remote-exec
2016/04/16 14:15:11 [TRACE] Graph after step *terraform.DestroyTransformer:

google_compute_instance.hubmud
  google_compute_instance.hubmud (destroy tainted)
  google_compute_instance.hubmud (destroy)
  provider.google
  provisioner.file
  provisioner.remote-exec
google_compute_instance.hubmud (destroy tainted)
  provider.google
  provisioner.file
  provisioner.remote-exec
google_compute_instance.hubmud (destroy)
  provider.google
  provisioner.file
  provisioner.remote-exec
provider.google
provisioner.file
provisioner.remote-exec
2016/04/16 14:15:11 [TRACE] Graph after step *terraform.CreateBeforeDestroyTransformer:

google_compute_instance.hubmud
  google_compute_instance.hubmud (destroy tainted)
  google_compute_instance.hubmud (destroy)
  provider.google
  provisioner.file
  provisioner.remote-exec
google_compute_instance.hubmud (destroy tainted)
  provider.google
  provisioner.file
  provisioner.remote-exec
google_compute_instance.hubmud (destroy)
  provider.google
  provisioner.file
  provisioner.remote-exec
provider.google
provisioner.file
provisioner.remote-exec
2016/04/16 14:15:11 [TRACE] Graph after step *terraform.PruneDestroyTransformer:

google_compute_instance.hubmud
  provider.google
  provisioner.file
  provisioner.remote-exec
provider.google
provisioner.file
provisioner.remote-exec
2016/04/16 14:15:11 [TRACE] Graph after step *terraform.PruneNoopTransformer:

google_compute_instance.hubmud
  provider.google
  provisioner.file
  provisioner.remote-exec
provider.google
provisioner.file
provisioner.remote-exec
2016/04/16 14:15:11 [TRACE] Graph after step *terraform.CloseProviderTransformer:

google_compute_instance.hubmud
  provider.google
  provisioner.file
  provisioner.remote-exec
provider.google
provider.google (close)
  google_compute_instance.hubmud
  provider.google
provisioner.file
provisioner.remote-exec
2016/04/16 14:15:11 [TRACE] Graph after step *terraform.CloseProvisionerTransformer:

google_compute_instance.hubmud
  provider.google
  provisioner.file
  provisioner.remote-exec
provider.google
provider.google (close)
  google_compute_instance.hubmud
  provider.google
provisioner.file
provisioner.file (close)
  google_compute_instance.hubmud
provisioner.remote-exec
provisioner.remote-exec (close)
  google_compute_instance.hubmud
2016/04/16 14:15:11 [TRACE] Graph after step *terraform.TransitiveReductionTransformer:

google_compute_instance.hubmud
  provider.google
  provisioner.file
  provisioner.remote-exec
provider.google
provider.google (close)
  google_compute_instance.hubmud
  provider.google
provisioner.file
provisioner.file (close)
  google_compute_instance.hubmud
provisioner.remote-exec
provisioner.remote-exec (close)
  google_compute_instance.hubmud
2016/04/16 14:15:11 [TRACE] Graph after step *terraform.RootTransformer:

google_compute_instance.hubmud
  provider.google
  provisioner.file
  provisioner.remote-exec
provider.google
provider.google (close)
  google_compute_instance.hubmud
  provider.google
provisioner.file
provisioner.file (close)
  google_compute_instance.hubmud
provisioner.remote-exec
provisioner.remote-exec (close)
  google_compute_instance.hubmud
root
  provider.google (close)
  provisioner.file (close)
  provisioner.remote-exec (close)
2016/04/16 14:15:11 [DEBUG] Starting graph walk: walkPlan
2016/04/16 14:15:11 [DEBUG] vertex root.provider.google: walking
2016/04/16 14:15:11 [DEBUG] vertex root.provider.google: evaluating
2016/04/16 14:15:11 [TRACE] [walkPlan] Entering eval tree: provider.google
2016/04/16 14:15:11 [DEBUG] root: eval: *terraform.EvalSequence
2016/04/16 14:15:11 [DEBUG] root: eval: *terraform.EvalInitProvider
2016/04/16 14:15:11 [DEBUG] vertex root.provisioner.file: walking
2016/04/16 14:15:11 [DEBUG] vertex root.provisioner.file: evaluating
2016/04/16 14:15:11 [TRACE] [walkPlan] Entering eval tree: provisioner.file
2016/04/16 14:15:11 [DEBUG] root: eval: *terraform.EvalInitProvisioner
2016/04/16 14:15:11 [DEBUG] vertex root.provisioner.remote-exec: walking
2016/04/16 14:15:11 [DEBUG] vertex root.provisioner.remote-exec: evaluating
2016/04/16 14:15:11 [TRACE] [walkPlan] Entering eval tree: provisioner.remote-exec
2016/04/16 14:15:11 [DEBUG] root: eval: *terraform.EvalInitProvisioner
2016/04/16 14:15:11 [DEBUG] root: eval: terraform.EvalNoop
2016/04/16 14:15:11 [DEBUG] root: eval: terraform.EvalNoop
2016/04/16 14:15:11 [DEBUG] root: eval: *terraform.EvalOpFilter
2016/04/16 14:15:11 [DEBUG] root: eval: *terraform.EvalSequence
2016/04/16 14:15:11 [DEBUG] root: eval: *terraform.EvalGetProvider
2016/04/16 14:15:11 [DEBUG] root: eval: *terraform.EvalInterpolate
2016/04/16 14:15:11 [TRACE] [walkPlan] Exiting eval tree: provisioner.file
2016/04/16 14:15:11 [DEBUG] root: eval: *terraform.EvalBuildProviderConfig
2016/04/16 14:15:11 [DEBUG] root: eval: *terraform.EvalSetProviderConfig
2016/04/16 14:15:11 [DEBUG] root: eval: *terraform.EvalOpFilter
2016/04/16 14:15:11 [DEBUG] root: eval: *terraform.EvalSequence
2016/04/16 14:15:11 [DEBUG] root: eval: *terraform.EvalConfigProvider
2016/04/16 14:15:11 [TRACE] [walkPlan] Exiting eval tree: provisioner.remote-exec
2016/04/16 14:15:11 [DEBUG] terraform-provider-google: 2016/04/16 14:15:11 [INFO] Requesting Google token...
2016/04/16 14:15:11 [DEBUG] terraform-provider-google: 2016/04/16 14:15:11 [INFO]   -- Email: hub-mud-terraformer@adrons-universe.iam.gserviceaccount.com
2016/04/16 14:15:11 [DEBUG] terraform-provider-google: 2016/04/16 14:15:11 [INFO]   -- Scopes: [https://www.googleapis.com/auth/compute https://www.googleapis.com/auth/cloud-platform https://www.googleapis.com/auth/ndev.clouddns.readwrite https://www.googleapis.com/auth/devstorage.full_control]
2016/04/16 14:15:11 [DEBUG] terraform-provider-google: 2016/04/16 14:15:11 [INFO]   -- Private Key Length: 1708
2016/04/16 14:15:11 [DEBUG] terraform-provider-google: 2016/04/16 14:15:11 [INFO] Instantiating GCE client...
2016/04/16 14:15:11 [DEBUG] terraform-provider-google: 2016/04/16 14:15:11 [INFO] Instantiating GKE client...
2016/04/16 14:15:11 [DEBUG] terraform-provider-google: 2016/04/16 14:15:11 [INFO] Instantiating Google Cloud DNS client...
2016/04/16 14:15:11 [DEBUG] terraform-provider-google: 2016/04/16 14:15:11 [INFO] Instantiating Google Storage Client...
2016/04/16 14:15:11 [DEBUG] terraform-provider-google: 2016/04/16 14:15:11 [INFO] Instantiating Google SqlAdmin Client...
2016/04/16 14:15:11 [DEBUG] terraform-provider-google: 2016/04/16 14:15:11 [INFO] Instatiating Google Pubsub Client...
2016/04/16 14:15:11 [TRACE] [walkPlan] Exiting eval tree: provider.google
2016/04/16 14:15:11 [DEBUG] vertex google_compute_instance.hubmud, got dep: provider.google
2016/04/16 14:15:11 [DEBUG] vertex provider.google (close), got dep: provider.google
2016/04/16 14:15:11 [DEBUG] vertex google_compute_instance.hubmud, got dep: provisioner.file
2016/04/16 14:15:11 [DEBUG] vertex google_compute_instance.hubmud, got dep: provisioner.remote-exec
2016/04/16 14:15:11 [DEBUG] vertex root.google_compute_instance.hubmud: walking
2016/04/16 14:15:11 [DEBUG] vertex root.google_compute_instance.hubmud: evaluating
2016/04/16 14:15:11 [TRACE] [walkPlan] Entering eval tree: google_compute_instance.hubmud
2016/04/16 14:15:11 [DEBUG] root: eval: *terraform.EvalSequence
2016/04/16 14:15:11 [DEBUG] root: eval: *terraform.EvalInterpolate
2016/04/16 14:15:11 [DEBUG] root: eval: terraform.EvalNoop
2016/04/16 14:15:11 [DEBUG] root: eval: *terraform.EvalCountFixZeroOneBoundary
2016/04/16 14:15:11 [TRACE] [walkPlan] Exiting eval tree: google_compute_instance.hubmud
2016/04/16 14:15:11 [DEBUG] vertex root.google_compute_instance.hubmud: expanding/walking dynamic subgraph
2016/04/16 14:15:11 [TRACE] Graph after step *terraform.ResourceCountTransformer:

google_compute_instance.hubmud
2016/04/16 14:15:11 [TRACE] Graph after step *terraform.TargetsTransformer:

google_compute_instance.hubmud
2016/04/16 14:15:11 [TRACE] Graph after step *terraform.RootTransformer:

google_compute_instance.hubmud
2016/04/16 14:15:11 [DEBUG] vertex root.google_compute_instance.hubmud: walking
2016/04/16 14:15:11 [DEBUG] vertex root.google_compute_instance.hubmud: evaluating
2016/04/16 14:15:11 [TRACE] [walkPlan] Entering eval tree: google_compute_instance.hubmud
2016/04/16 14:15:11 [DEBUG] root: eval: *terraform.EvalSequence
2016/04/16 14:15:11 [DEBUG] root: eval: terraform.EvalNoop
2016/04/16 14:15:11 [DEBUG] root: eval: *terraform.EvalInstanceInfo
2016/04/16 14:15:11 [DEBUG] root: eval: terraform.EvalNoop
2016/04/16 14:15:11 [DEBUG] root: eval: *terraform.EvalOpFilter
2016/04/16 14:15:11 [DEBUG] root: eval: *terraform.EvalSequence
2016/04/16 14:15:11 [DEBUG] root: eval: *terraform.EvalInterpolate
2016/04/16 14:15:11 [DEBUG] root: eval: *terraform.EvalGetProvider
2016/04/16 14:15:11 [DEBUG] root: eval: *terraform.EvalReadState
2016/04/16 14:15:11 [DEBUG] root: eval: *terraform.EvalDiff
2016/04/16 14:15:11 [DEBUG] root: eval: *terraform.EvalCheckPreventDestroy
2016/04/16 14:15:11 [DEBUG] root: eval: *terraform.EvalIgnoreChanges
2016/04/16 14:15:11 [DEBUG] root: eval: *terraform.EvalWriteState
2016/04/16 14:15:11 [DEBUG] root: eval: *terraform.EvalDiffTainted
2016/04/16 14:15:11 [DEBUG] root: eval: *terraform.EvalWriteDiff
2016/04/16 14:15:11 [DEBUG] root: eval: terraform.EvalNoop
2016/04/16 14:15:11 [DEBUG] root: eval: terraform.EvalNoop
2016/04/16 14:15:11 [TRACE] [walkPlan] Exiting eval tree: google_compute_instance.hubmud
2016/04/16 14:15:11 [DEBUG] vertex provider.google (close), got dep: google_compute_instance.hubmud
2016/04/16 14:15:11 [DEBUG] vertex provisioner.file (close), got dep: google_compute_instance.hubmud
2016/04/16 14:15:11 [DEBUG] vertex root.provider.google (close): walking
2016/04/16 14:15:11 [DEBUG] vertex root.provider.google (close): evaluating
2016/04/16 14:15:11 [DEBUG] vertex root.provisioner.file (close): walking
2016/04/16 14:15:11 [DEBUG] vertex root.provisioner.file (close): evaluating
2016/04/16 14:15:11 [TRACE] [walkPlan] Entering eval tree: provider.google (close)
2016/04/16 14:15:11 [DEBUG] root: eval: *terraform.EvalCloseProvider
2016/04/16 14:15:11 [DEBUG] vertex provisioner.remote-exec (close), got dep: google_compute_instance.hubmud
2016/04/16 14:15:11 [DEBUG] vertex root.provisioner.remote-exec (close): walking
2016/04/16 14:15:11 [TRACE] [walkPlan] Entering eval tree: provisioner.file (close)
2016/04/16 14:15:11 [DEBUG] root: eval: *terraform.EvalCloseProvisioner
2016/04/16 14:15:11 [TRACE] [walkPlan] Exiting eval tree: provisioner.file (close)
2016/04/16 14:15:11 [DEBUG] vertex root, got dep: provisioner.file (close)
2016/04/16 14:15:11 [DEBUG] vertex root.provisioner.remote-exec (close): evaluating
2016/04/16 14:15:11 [TRACE] [walkPlan] Entering eval tree: provisioner.remote-exec (close)
2016/04/16 14:15:11 [DEBUG] root: eval: *terraform.EvalCloseProvisioner
2016/04/16 14:15:11 [TRACE] [walkPlan] Exiting eval tree: provisioner.remote-exec (close)
2016/04/16 14:15:11 [DEBUG] vertex root, got dep: provisioner.remote-exec (close)
2016/04/16 14:15:11 [TRACE] [walkPlan] Exiting eval tree: provider.google (close)
2016/04/16 14:15:11 [DEBUG] vertex root, got dep: provider.google (close)
2016/04/16 14:15:11 [DEBUG] vertex root.root: walking
2016/04/16 14:15:11 [TRACE] Graph after step *terraform.ConfigTransformer:

google_compute_instance.hubmud
provider.google
2016/04/16 14:15:11 [TRACE] Graph after step *terraform.OrphanTransformer:

google_compute_instance.hubmud
provider.google
2016/04/16 14:15:11 [TRACE] Graph after step *terraform.AddOutputOrphanTransformer:

google_compute_instance.hubmud
provider.google
2016/04/16 14:15:11 [TRACE] Graph after step *terraform.MissingProviderTransformer:

google_compute_instance.hubmud
provider.google
2016/04/16 14:15:11 [TRACE] Graph after step *terraform.ProviderTransformer:

google_compute_instance.hubmud
  provider.google
provider.google
2016/04/16 14:15:11 [TRACE] Graph after step *terraform.DisableProviderTransformer:

google_compute_instance.hubmud
  provider.google
provider.google
2016/04/16 14:15:11 [TRACE] Graph after step *terraform.MissingProvisionerTransformer:

google_compute_instance.hubmud
  provider.google
provider.google
provisioner.file
provisioner.remote-exec
2016/04/16 14:15:11 [TRACE] Graph after step *terraform.ProvisionerTransformer:

google_compute_instance.hubmud
  provider.google
  provisioner.file
  provisioner.remote-exec
provider.google
provisioner.file
provisioner.remote-exec
2016/04/16 14:15:11 [TRACE] Graph after step *terraform.VertexTransformer:

google_compute_instance.hubmud
  provider.google
  provisioner.file
  provisioner.remote-exec
provider.google
provisioner.file
provisioner.remote-exec
2016/04/16 14:15:11 [TRACE] Graph after step *terraform.FlattenTransformer:

google_compute_instance.hubmud
  provider.google
  provisioner.file
  provisioner.remote-exec
provider.google
provisioner.file
provisioner.remote-exec
2016/04/16 14:15:11 [TRACE] Graph after step *terraform.ProxyTransformer:

google_compute_instance.hubmud
  provider.google
  provisioner.file
  provisioner.remote-exec
provider.google
provisioner.file
provisioner.remote-exec
2016/04/16 14:15:11 [TRACE] Graph after step *terraform.TargetsTransformer:

google_compute_instance.hubmud
  provider.google
  provisioner.file
  provisioner.remote-exec
provider.google
provisioner.file
provisioner.remote-exec
2016/04/16 14:15:11 [TRACE] Graph after step *terraform.PruneProviderTransformer:

google_compute_instance.hubmud
  provider.google
  provisioner.file
  provisioner.remote-exec
provider.google
provisioner.file
provisioner.remote-exec
2016/04/16 14:15:11 [TRACE] Graph after step *terraform.DestroyTransformer:

google_compute_instance.hubmud
  google_compute_instance.hubmud (destroy tainted)
  google_compute_instance.hubmud (destroy)
  provider.google
  provisioner.file
  provisioner.remote-exec
google_compute_instance.hubmud (destroy tainted)
  provider.google
  provisioner.file
  provisioner.remote-exec
google_compute_instance.hubmud (destroy)
  provider.google
  provisioner.file
  provisioner.remote-exec
provider.google
provisioner.file
provisioner.remote-exec
2016/04/16 14:15:11 [TRACE] Graph after step *terraform.CreateBeforeDestroyTransformer:

google_compute_instance.hubmud
  google_compute_instance.hubmud (destroy tainted)
  google_compute_instance.hubmud (destroy)
  provider.google
  provisioner.file
  provisioner.remote-exec
google_compute_instance.hubmud (destroy tainted)
  provider.google
  provisioner.file
  provisioner.remote-exec
google_compute_instance.hubmud (destroy)
  provider.google
  provisioner.file
  provisioner.remote-exec
provider.google
provisioner.file
provisioner.remote-exec
2016/04/16 14:15:11 [TRACE] Graph after step *terraform.PruneDestroyTransformer:

google_compute_instance.hubmud
  provider.google
  provisioner.file
  provisioner.remote-exec
provider.google
provisioner.file
provisioner.remote-exec
2016/04/16 14:15:11 [TRACE] Graph after step *terraform.PruneNoopTransformer:

google_compute_instance.hubmud
  provider.google
  provisioner.file
  provisioner.remote-exec
provider.google
provisioner.file
provisioner.remote-exec
2016/04/16 14:15:11 [TRACE] Graph after step *terraform.CloseProviderTransformer:

google_compute_instance.hubmud
  provider.google
  provisioner.file
  provisioner.remote-exec
provider.google
provider.google (close)
  google_compute_instance.hubmud
  provider.google
provisioner.file
provisioner.remote-exec
2016/04/16 14:15:11 [TRACE] Graph after step *terraform.CloseProvisionerTransformer:

google_compute_instance.hubmud
  provider.google
  provisioner.file
  provisioner.remote-exec
provider.google
provider.google (close)
  google_compute_instance.hubmud
  provider.google
provisioner.file
provisioner.file (close)
  google_compute_instance.hubmud
provisioner.remote-exec
provisioner.remote-exec (close)
  google_compute_instance.hubmud
2016/04/16 14:15:11 [TRACE] Graph after step *terraform.TransitiveReductionTransformer:

google_compute_instance.hubmud
  provider.google
  provisioner.file
  provisioner.remote-exec
provider.google
provider.google (close)
  google_compute_instance.hubmud
  provider.google
provisioner.file
provisioner.file (close)
  google_compute_instance.hubmud
provisioner.remote-exec
provisioner.remote-exec (close)
  google_compute_instance.hubmud
2016/04/16 14:15:11 [TRACE] Graph after step *terraform.RootTransformer:

google_compute_instance.hubmud
  provider.google
  provisioner.file
  provisioner.remote-exec
provider.google
provider.google (close)
  google_compute_instance.hubmud
  provider.google
provisioner.file
provisioner.file (close)
  google_compute_instance.hubmud
provisioner.remote-exec
provisioner.remote-exec (close)
  google_compute_instance.hubmud
root
  provider.google (close)
  provisioner.file (close)
  provisioner.remote-exec (close)
2016/04/16 14:15:11 [TRACE] Graph after step *terraform.ConfigTransformer:

google_compute_instance.hubmud
provider.google
2016/04/16 14:15:11 [TRACE] Graph after step *terraform.OrphanTransformer:

google_compute_instance.hubmud
provider.google
2016/04/16 14:15:11 [TRACE] Graph after step *terraform.AddOutputOrphanTransformer:

google_compute_instance.hubmud
provider.google
2016/04/16 14:15:11 [TRACE] Graph after step *terraform.MissingProviderTransformer:

google_compute_instance.hubmud
provider.google
2016/04/16 14:15:11 [TRACE] Graph after step *terraform.ProviderTransformer:

google_compute_instance.hubmud
  provider.google
provider.google
2016/04/16 14:15:11 [TRACE] Graph after step *terraform.DisableProviderTransformer:

google_compute_instance.hubmud
  provider.google
provider.google
2016/04/16 14:15:11 [TRACE] Graph after step *terraform.MissingProvisionerTransformer:

google_compute_instance.hubmud
  provider.google
provider.google
provisioner.file
provisioner.remote-exec
2016/04/16 14:15:11 [TRACE] Graph after step *terraform.ProvisionerTransformer:

google_compute_instance.hubmud
  provider.google
  provisioner.file
  provisioner.remote-exec
provider.google
provisioner.file
provisioner.remote-exec
2016/04/16 14:15:11 [TRACE] Graph after step *terraform.VertexTransformer:

google_compute_instance.hubmud
  provider.google
  provisioner.file
  provisioner.remote-exec
provider.google
provisioner.file
provisioner.remote-exec
2016/04/16 14:15:11 [TRACE] Graph after step *terraform.FlattenTransformer:

google_compute_instance.hubmud
  provider.google
  provisioner.file
  provisioner.remote-exec
provider.google
provisioner.file
provisioner.remote-exec
2016/04/16 14:15:11 [TRACE] Graph after step *terraform.ProxyTransformer:

google_compute_instance.hubmud
  provider.google
  provisioner.file
  provisioner.remote-exec
provider.google
provisioner.file
provisioner.remote-exec
2016/04/16 14:15:11 [TRACE] Graph after step *terraform.TargetsTransformer:

google_compute_instance.hubmud
  provider.google
  provisioner.file
  provisioner.remote-exec
provider.google
provisioner.file
provisioner.remote-exec
2016/04/16 14:15:11 [TRACE] Graph after step *terraform.PruneProviderTransformer:

google_compute_instance.hubmud
  provider.google
  provisioner.file
  provisioner.remote-exec
provider.google
provisioner.file
provisioner.remote-exec
2016/04/16 14:15:11 [TRACE] Graph after step *terraform.DestroyTransformer:

google_compute_instance.hubmud
  google_compute_instance.hubmud (destroy tainted)
  google_compute_instance.hubmud (destroy)
  provider.google
  provisioner.file
  provisioner.remote-exec
google_compute_instance.hubmud (destroy tainted)
  provider.google
  provisioner.file
  provisioner.remote-exec
google_compute_instance.hubmud (destroy)
  provider.google
  provisioner.file
  provisioner.remote-exec
provider.google
provisioner.file
provisioner.remote-exec
2016/04/16 14:15:11 [TRACE] Graph after step *terraform.CreateBeforeDestroyTransformer:

google_compute_instance.hubmud
  google_compute_instance.hubmud (destroy tainted)
  google_compute_instance.hubmud (destroy)
  provider.google
  provisioner.file
  provisioner.remote-exec
google_compute_instance.hubmud (destroy tainted)
  provider.google
  provisioner.file
  provisioner.remote-exec
google_compute_instance.hubmud (destroy)
  provider.google
  provisioner.file
  provisioner.remote-exec
provider.google
provisioner.file
provisioner.remote-exec
2016/04/16 14:15:11 [TRACE] Graph after step *terraform.PruneDestroyTransformer:

google_compute_instance.hubmud
  provider.google
  provisioner.file
  provisioner.remote-exec
provider.google
provisioner.file
provisioner.remote-exec
2016/04/16 14:15:11 [TRACE] Graph after step *terraform.PruneNoopTransformer:

google_compute_instance.hubmud
  provider.google
  provisioner.file
  provisioner.remote-exec
provider.google
provisioner.file
provisioner.remote-exec
2016/04/16 14:15:11 [TRACE] Graph after step *terraform.CloseProviderTransformer:

google_compute_instance.hubmud
  provider.google
  provisioner.file
  provisioner.remote-exec
provider.google
provider.google (close)
  google_compute_instance.hubmud
  provider.google
provisioner.file
provisioner.remote-exec
2016/04/16 14:15:11 [TRACE] Graph after step *terraform.CloseProvisionerTransformer:

google_compute_instance.hubmud
  provider.google
  provisioner.file
  provisioner.remote-exec
provider.google
provider.google (close)
  google_compute_instance.hubmud
  provider.google
provisioner.file
provisioner.file (close)
  google_compute_instance.hubmud
provisioner.remote-exec
provisioner.remote-exec (close)
  google_compute_instance.hubmud
2016/04/16 14:15:11 [TRACE] Graph after step *terraform.TransitiveReductionTransformer:

google_compute_instance.hubmud
  provider.google
  provisioner.file
  provisioner.remote-exec
provider.google
provider.google (close)
  google_compute_instance.hubmud
  provider.google
provisioner.file
provisioner.file (close)
  google_compute_instance.hubmud
provisioner.remote-exec
provisioner.remote-exec (close)
  google_compute_instance.hubmud
2016/04/16 14:15:11 [TRACE] Graph after step *terraform.RootTransformer:

google_compute_instance.hubmud
  provider.google
  provisioner.file
  provisioner.remote-exec
provider.google
provider.google (close)
  google_compute_instance.hubmud
  provider.google
provisioner.file
provisioner.file (close)
  google_compute_instance.hubmud
provisioner.remote-exec
provisioner.remote-exec (close)
  google_compute_instance.hubmud
root
  provider.google (close)
  provisioner.file (close)
  provisioner.remote-exec (close)
2016/04/16 14:15:11 [DEBUG] Starting graph walk: walkApply
2016/04/16 14:15:11 [DEBUG] vertex root.provisioner.file: walking
2016/04/16 14:15:11 [DEBUG] vertex root.provisioner.file: evaluating
2016/04/16 14:15:11 [TRACE] [walkApply] Entering eval tree: provisioner.file
2016/04/16 14:15:11 [DEBUG] root: eval: *terraform.EvalInitProvisioner
2016/04/16 14:15:11 [DEBUG] vertex root.provisioner.remote-exec: walking
2016/04/16 14:15:11 [DEBUG] vertex root.provisioner.remote-exec: evaluating
2016/04/16 14:15:11 [TRACE] [walkApply] Entering eval tree: provisioner.remote-exec
2016/04/16 14:15:11 [DEBUG] root: eval: *terraform.EvalInitProvisioner
2016/04/16 14:15:11 [DEBUG] vertex root.provider.google: walking
2016/04/16 14:15:11 [DEBUG] vertex root.provider.google: evaluating
2016/04/16 14:15:11 [TRACE] [walkApply] Entering eval tree: provider.google
2016/04/16 14:15:11 [DEBUG] root: eval: *terraform.EvalSequence
2016/04/16 14:15:11 [DEBUG] root: eval: *terraform.EvalInitProvider
2016/04/16 14:15:11 [TRACE] [walkApply] Exiting eval tree: provisioner.file
2016/04/16 14:15:11 [DEBUG] root: eval: terraform.EvalNoop
2016/04/16 14:15:11 [DEBUG] root: eval: terraform.EvalNoop
2016/04/16 14:15:11 [DEBUG] root: eval: *terraform.EvalOpFilter
2016/04/16 14:15:11 [DEBUG] root: eval: *terraform.EvalSequence
2016/04/16 14:15:11 [DEBUG] root: eval: *terraform.EvalGetProvider
2016/04/16 14:15:11 [DEBUG] root: eval: *terraform.EvalInterpolate
2016/04/16 14:15:11 [DEBUG] root: eval: *terraform.EvalBuildProviderConfig
2016/04/16 14:15:11 [TRACE] [walkApply] Exiting eval tree: provisioner.remote-exec
2016/04/16 14:15:11 [DEBUG] root: eval: *terraform.EvalSetProviderConfig
2016/04/16 14:15:11 [DEBUG] root: eval: *terraform.EvalOpFilter
2016/04/16 14:15:11 [DEBUG] root: eval: *terraform.EvalSequence
2016/04/16 14:15:11 [DEBUG] root: eval: *terraform.EvalConfigProvider
2016/04/16 14:15:11 [DEBUG] terraform-provider-google: 2016/04/16 14:15:11 [INFO] Requesting Google token...
2016/04/16 14:15:11 [DEBUG] terraform-provider-google: 2016/04/16 14:15:11 [INFO]   -- Email: hub-mud-terraformer@adrons-universe.iam.gserviceaccount.com
2016/04/16 14:15:11 [DEBUG] terraform-provider-google: 2016/04/16 14:15:11 [INFO]   -- Scopes: [https://www.googleapis.com/auth/compute https://www.googleapis.com/auth/cloud-platform https://www.googleapis.com/auth/ndev.clouddns.readwrite https://www.googleapis.com/auth/devstorage.full_control]
2016/04/16 14:15:11 [DEBUG] terraform-provider-google: 2016/04/16 14:15:11 [INFO]   -- Private Key Length: 1708
2016/04/16 14:15:11 [DEBUG] terraform-provider-google: 2016/04/16 14:15:11 [INFO] Instantiating GCE client...
2016/04/16 14:15:11 [DEBUG] terraform-provider-google: 2016/04/16 14:15:11 [INFO] Instantiating GKE client...
2016/04/16 14:15:11 [DEBUG] terraform-provider-google: 2016/04/16 14:15:11 [INFO] Instantiating Google Cloud DNS client...
2016/04/16 14:15:11 [DEBUG] terraform-provider-google: 2016/04/16 14:15:11 [INFO] Instantiating Google Storage Client...
2016/04/16 14:15:11 [DEBUG] terraform-provider-google: 2016/04/16 14:15:11 [INFO] Instantiating Google SqlAdmin Client...
2016/04/16 14:15:11 [DEBUG] terraform-provider-google: 2016/04/16 14:15:11 [INFO] Instatiating Google Pubsub Client...
2016/04/16 14:15:11 [TRACE] [walkApply] Exiting eval tree: provider.google
2016/04/16 14:15:11 [DEBUG] vertex provider.google (close), got dep: provider.google
2016/04/16 14:15:11 [DEBUG] vertex google_compute_instance.hubmud, got dep: provider.google
2016/04/16 14:15:11 [DEBUG] vertex google_compute_instance.hubmud, got dep: provisioner.file
2016/04/16 14:15:11 [DEBUG] vertex google_compute_instance.hubmud, got dep: provisioner.remote-exec
2016/04/16 14:15:11 [DEBUG] vertex root.google_compute_instance.hubmud: walking
2016/04/16 14:15:11 [DEBUG] vertex root.google_compute_instance.hubmud: evaluating
2016/04/16 14:15:11 [TRACE] [walkApply] Entering eval tree: google_compute_instance.hubmud
2016/04/16 14:15:11 [DEBUG] root: eval: *terraform.EvalSequence
2016/04/16 14:15:11 [DEBUG] root: eval: *terraform.EvalInterpolate
2016/04/16 14:15:11 [DEBUG] root: eval: terraform.EvalNoop
2016/04/16 14:15:11 [DEBUG] root: eval: *terraform.EvalCountFixZeroOneBoundary
2016/04/16 14:15:11 [TRACE] [walkApply] Exiting eval tree: google_compute_instance.hubmud
2016/04/16 14:15:11 [DEBUG] vertex root.google_compute_instance.hubmud: expanding/walking dynamic subgraph
2016/04/16 14:15:11 [TRACE] Graph after step *terraform.ResourceCountTransformer:

google_compute_instance.hubmud
2016/04/16 14:15:11 [TRACE] Graph after step *terraform.TargetsTransformer:

google_compute_instance.hubmud
2016/04/16 14:15:11 [TRACE] Graph after step *terraform.RootTransformer:

google_compute_instance.hubmud
2016/04/16 14:15:11 [DEBUG] vertex root.google_compute_instance.hubmud: walking
2016/04/16 14:15:11 [DEBUG] vertex root.google_compute_instance.hubmud: evaluating
2016/04/16 14:15:11 [TRACE] [walkApply] Entering eval tree: google_compute_instance.hubmud
2016/04/16 14:15:11 [DEBUG] root: eval: *terraform.EvalSequence
2016/04/16 14:15:11 [DEBUG] root: eval: terraform.EvalNoop
2016/04/16 14:15:11 [DEBUG] root: eval: *terraform.EvalInstanceInfo
2016/04/16 14:15:11 [DEBUG] root: eval: terraform.EvalNoop
2016/04/16 14:15:11 [DEBUG] root: eval: terraform.EvalNoop
2016/04/16 14:15:11 [DEBUG] root: eval: terraform.EvalNoop
2016/04/16 14:15:11 [DEBUG] root: eval: *terraform.EvalOpFilter
2016/04/16 14:15:11 [DEBUG] root: eval: *terraform.EvalSequence
2016/04/16 14:15:11 [DEBUG] root: eval: *terraform.EvalReadDiff
2016/04/16 14:15:11 [DEBUG] root: eval: *terraform.EvalIf
2016/04/16 14:15:11 [DEBUG] root: eval: terraform.EvalNoop
2016/04/16 14:15:11 [DEBUG] root: eval: *terraform.EvalIf
2016/04/16 14:15:11 [DEBUG] root: eval: *terraform.EvalInterpolate
2016/04/16 14:15:11 [DEBUG] root: eval: *terraform.EvalGetProvider
2016/04/16 14:15:11 [DEBUG] root: eval: *terraform.EvalReadState
2016/04/16 14:15:11 [DEBUG] root: eval: *terraform.EvalDiff
2016/04/16 14:15:11 [DEBUG] root: eval: *terraform.EvalIgnoreChanges
2016/04/16 14:15:11 [DEBUG] root: eval: *terraform.EvalReadDiff
2016/04/16 14:15:11 [DEBUG] root: eval: *terraform.EvalCompareDiff
2016/04/16 14:15:11 [DEBUG] root: eval: *terraform.EvalGetProvider
2016/04/16 14:15:11 [DEBUG] root: eval: *terraform.EvalReadState
2016/04/16 14:15:11 [DEBUG] root: eval: *terraform.EvalApply
2016/04/16 14:15:11 [DEBUG] apply: google_compute_instance.hubmud: executing Apply
2016/04/16 14:15:11 [DEBUG] terraform-provider-google: 2016/04/16 14:15:11 [DEBUG] Loading zone: us-central1-b
2016/04/16 14:15:11 [DEBUG] terraform-provider-google: 2016/04/16 14:15:11 [DEBUG] Loading machine type: f1-micro
2016/04/16 14:15:12 [DEBUG] terraform-provider-google: 2016/04/16 14:15:12 [INFO] Requesting instance creation
2016/04/16 14:15:13 [DEBUG] terraform-provider-google: 2016/04/16 14:15:13 [DEBUG] Waiting for state to become: [DONE]
2016/04/16 14:15:16 [DEBUG] vertex provisioner.file (close), waiting for: google_compute_instance.hubmud
2016/04/16 14:15:16 [DEBUG] vertex root, waiting for: provider.google (close)
2016/04/16 14:15:16 [DEBUG] vertex provisioner.remote-exec (close), waiting for: google_compute_instance.hubmud
2016/04/16 14:15:16 [DEBUG] vertex provider.google (close), waiting for: google_compute_instance.hubmud
2016/04/16 14:15:21 [DEBUG] vertex provisioner.file (close), waiting for: google_compute_instance.hubmud
2016/04/16 14:15:21 [DEBUG] vertex root, waiting for: provider.google (close)
2016/04/16 14:15:21 [DEBUG] vertex provisioner.remote-exec (close), waiting for: google_compute_instance.hubmud
2016/04/16 14:15:21 [DEBUG] vertex provider.google (close), waiting for: google_compute_instance.hubmud
2016/04/16 14:15:23 [DEBUG] terraform-provider-google: 2016/04/16 14:15:23 [TRACE] Waiting 2s before next try
2016/04/16 14:15:25 [DEBUG] terraform-provider-google: 2016/04/16 14:15:25 [DEBUG] Got "RUNNING" when asking for operation "operation-1460841298975-530a09eb2d919-72979b16-866207f9"
2016/04/16 14:15:25 [DEBUG] terraform-provider-google: 2016/04/16 14:15:25 [TRACE] Waiting 2s before next try
2016/04/16 14:15:26 [DEBUG] vertex root, waiting for: provider.google (close)
2016/04/16 14:15:26 [DEBUG] vertex provisioner.remote-exec (close), waiting for: google_compute_instance.hubmud
2016/04/16 14:15:26 [DEBUG] vertex provider.google (close), waiting for: google_compute_instance.hubmud
2016/04/16 14:15:26 [DEBUG] vertex provisioner.file (close), waiting for: google_compute_instance.hubmud
2016/04/16 14:15:28 [DEBUG] terraform-provider-google: 2016/04/16 14:15:28 [DEBUG] Got "RUNNING" when asking for operation "operation-1460841298975-530a09eb2d919-72979b16-866207f9"
2016/04/16 14:15:28 [DEBUG] terraform-provider-google: 2016/04/16 14:15:28 [TRACE] Waiting 2s before next try
2016/04/16 14:15:30 [DEBUG] terraform-provider-google: 2016/04/16 14:15:30 [DEBUG] Got "RUNNING" when asking for operation "operation-1460841298975-530a09eb2d919-72979b16-866207f9"
2016/04/16 14:15:30 [DEBUG] terraform-provider-google: 2016/04/16 14:15:30 [TRACE] Waiting 2s before next try
2016/04/16 14:15:31 [DEBUG] vertex provisioner.remote-exec (close), waiting for: google_compute_instance.hubmud
2016/04/16 14:15:31 [DEBUG] vertex provider.google (close), waiting for: google_compute_instance.hubmud
2016/04/16 14:15:31 [DEBUG] vertex provisioner.file (close), waiting for: google_compute_instance.hubmud
2016/04/16 14:15:31 [DEBUG] vertex root, waiting for: provider.google (close)
2016/04/16 14:15:32 [DEBUG] terraform-provider-google: 2016/04/16 14:15:32 [DEBUG] Got "RUNNING" when asking for operation "operation-1460841298975-530a09eb2d919-72979b16-866207f9"
2016/04/16 14:15:32 [DEBUG] terraform-provider-google: 2016/04/16 14:15:32 [TRACE] Waiting 2s before next try
2016/04/16 14:15:34 [DEBUG] terraform-provider-google: 2016/04/16 14:15:34 [DEBUG] Got "RUNNING" when asking for operation "operation-1460841298975-530a09eb2d919-72979b16-866207f9"
2016/04/16 14:15:34 [DEBUG] terraform-provider-google: 2016/04/16 14:15:34 [TRACE] Waiting 3.2s before next try
2016/04/16 14:15:36 [DEBUG] vertex provisioner.file (close), waiting for: google_compute_instance.hubmud
2016/04/16 14:15:36 [DEBUG] vertex provider.google (close), waiting for: google_compute_instance.hubmud
2016/04/16 14:15:36 [DEBUG] vertex root, waiting for: provider.google (close)
2016/04/16 14:15:36 [DEBUG] vertex provisioner.remote-exec (close), waiting for: google_compute_instance.hubmud
2016/04/16 14:15:38 [DEBUG] terraform-provider-google: 2016/04/16 14:15:38 [DEBUG] Got "RUNNING" when asking for operation "operation-1460841298975-530a09eb2d919-72979b16-866207f9"
2016/04/16 14:15:38 [DEBUG] terraform-provider-google: 2016/04/16 14:15:38 [TRACE] Waiting 6.4s before next try
2016/04/16 14:15:41 [DEBUG] vertex provider.google (close), waiting for: google_compute_instance.hubmud
2016/04/16 14:15:41 [DEBUG] vertex provisioner.file (close), waiting for: google_compute_instance.hubmud
2016/04/16 14:15:41 [DEBUG] vertex provisioner.remote-exec (close), waiting for: google_compute_instance.hubmud
2016/04/16 14:15:41 [DEBUG] vertex root, waiting for: provider.google (close)
2016/04/16 14:15:44 [DEBUG] terraform-provider-google: 2016/04/16 14:15:44 [DEBUG] Got "RUNNING" when asking for operation "operation-1460841298975-530a09eb2d919-72979b16-866207f9"
2016/04/16 14:15:44 [DEBUG] terraform-provider-google: 2016/04/16 14:15:44 [TRACE] Waiting 10s before next try
2016/04/16 14:15:46 [DEBUG] vertex provisioner.file (close), waiting for: google_compute_instance.hubmud
2016/04/16 14:15:46 [DEBUG] vertex provider.google (close), waiting for: google_compute_instance.hubmud
2016/04/16 14:15:46 [DEBUG] vertex provisioner.remote-exec (close), waiting for: google_compute_instance.hubmud
2016/04/16 14:15:46 [DEBUG] vertex root, waiting for: provider.google (close)
2016/04/16 14:15:51 [DEBUG] vertex provider.google (close), waiting for: google_compute_instance.hubmud
2016/04/16 14:15:51 [DEBUG] vertex provisioner.remote-exec (close), waiting for: google_compute_instance.hubmud
2016/04/16 14:15:51 [DEBUG] vertex root, waiting for: provider.google (close)
2016/04/16 14:15:51 [DEBUG] vertex provisioner.file (close), waiting for: google_compute_instance.hubmud
2016/04/16 14:15:54 [DEBUG] terraform-provider-google: 2016/04/16 14:15:54 [DEBUG] Got "DONE" when asking for operation "operation-1460841298975-530a09eb2d919-72979b16-866207f9"
2016/04/16 14:15:55 [DEBUG] root: eval: *terraform.EvalWriteState
2016/04/16 14:15:55 [DEBUG] root: eval: *terraform.EvalApplyProvisioners
2016/04/16 14:15:55 [DEBUG] terraform-provisioner-file: 2016/04/16 14:15:55 connecting to TCP connection for SSH
2016/04/16 14:15:56 [DEBUG] vertex provider.google (close), waiting for: google_compute_instance.hubmud
2016/04/16 14:15:56 [DEBUG] vertex provisioner.file (close), waiting for: google_compute_instance.hubmud
2016/04/16 14:15:56 [DEBUG] vertex root, waiting for: provider.google (close)
2016/04/16 14:15:56 [DEBUG] vertex provisioner.remote-exec (close), waiting for: google_compute_instance.hubmud
2016/04/16 14:16:00 [DEBUG] terraform-provisioner-file: 2016/04/16 14:16:00 connection error: dial tcp 104.154.91.87:22: getsockopt: connection refused
2016/04/16 14:16:00 [DEBUG] terraform-provisioner-file: 2016/04/16 14:16:00 Retryable error: dial tcp 104.154.91.87:22: getsockopt: connection refused
2016/04/16 14:16:01 [DEBUG] vertex provisioner.remote-exec (close), waiting for: google_compute_instance.hubmud
2016/04/16 14:16:01 [DEBUG] vertex provisioner.file (close), waiting for: google_compute_instance.hubmud
2016/04/16 14:16:01 [DEBUG] vertex provider.google (close), waiting for: google_compute_instance.hubmud
2016/04/16 14:16:01 [DEBUG] vertex root, waiting for: provider.google (close)
2016/04/16 14:16:03 [DEBUG] terraform-provisioner-file: 2016/04/16 14:16:03 connecting to TCP connection for SSH
2016/04/16 14:16:03 [DEBUG] terraform-provisioner-file: 2016/04/16 14:16:03 connection error: dial tcp 104.154.91.87:22: getsockopt: connection refused
2016/04/16 14:16:03 [DEBUG] terraform-provisioner-file: 2016/04/16 14:16:03 Retryable error: dial tcp 104.154.91.87:22: getsockopt: connection refused
2016/04/16 14:16:06 [DEBUG] terraform-provisioner-file: 2016/04/16 14:16:06 connecting to TCP connection for SSH
2016/04/16 14:16:06 [DEBUG] vertex provisioner.file (close), waiting for: google_compute_instance.hubmud
2016/04/16 14:16:06 [DEBUG] vertex provisioner.remote-exec (close), waiting for: google_compute_instance.hubmud
2016/04/16 14:16:06 [DEBUG] vertex root, waiting for: provider.google (close)
2016/04/16 14:16:06 [DEBUG] vertex provider.google (close), waiting for: google_compute_instance.hubmud
2016/04/16 14:16:09 [DEBUG] terraform-provisioner-file: 2016/04/16 14:16:09 connection error: dial tcp 104.154.91.87:22: getsockopt: connection refused
2016/04/16 14:16:09 [DEBUG] terraform-provisioner-file: 2016/04/16 14:16:09 Retryable error: dial tcp 104.154.91.87:22: getsockopt: connection refused
2016/04/16 14:16:11 [DEBUG] vertex provisioner.file (close), waiting for: google_compute_instance.hubmud
2016/04/16 14:16:11 [DEBUG] vertex provisioner.remote-exec (close), waiting for: google_compute_instance.hubmud
2016/04/16 14:16:11 [DEBUG] vertex provider.google (close), waiting for: google_compute_instance.hubmud
2016/04/16 14:16:11 [DEBUG] vertex root, waiting for: provider.google (close)
2016/04/16 14:16:12 [DEBUG] terraform-provisioner-file: 2016/04/16 14:16:12 connecting to TCP connection for SSH
2016/04/16 14:16:12 [DEBUG] terraform-provisioner-file: 2016/04/16 14:16:12 handshaking with SSH
2016/04/16 14:16:12 [DEBUG] terraform-provisioner-file: 2016/04/16 14:16:12 [DEBUG] Telling SSH config to forward to agent
2016/04/16 14:16:12 [DEBUG] terraform-provisioner-file: 2016/04/16 14:16:12 [DEBUG] Setting up a session to request agent forwarding
2016/04/16 14:16:12 [DEBUG] terraform-provisioner-file: 2016/04/16 14:16:12 opening new ssh session
2016/04/16 14:16:16 [DEBUG] vertex provisioner.remote-exec (close), waiting for: google_compute_instance.hubmud
2016/04/16 14:16:16 [DEBUG] vertex root, waiting for: provider.google (close)
2016/04/16 14:16:16 [DEBUG] vertex provider.google (close), waiting for: google_compute_instance.hubmud
2016/04/16 14:16:16 [DEBUG] vertex provisioner.file (close), waiting for: google_compute_instance.hubmud
2016/04/16 14:16:16 [DEBUG] terraform-provisioner-file: 2016/04/16 14:16:16 [INFO] agent forwarding enabled
2016/04/16 14:16:16 [DEBUG] terraform-provisioner-file: 2016/04/16 14:16:16 opening new ssh session
2016/04/16 14:16:16 [DEBUG] terraform-provisioner-file: 2016/04/16 14:16:16 Starting remote scp process:  scp -vt .
2016/04/16 14:16:16 [DEBUG] terraform-provisioner-file: 2016/04/16 14:16:16 Started SCP session, beginning transfers...
2016/04/16 14:16:16 [DEBUG] terraform-provisioner-file: 2016/04/16 14:16:16 Copying input data into temporary file so we can read the length
2016/04/16 14:16:16 [DEBUG] terraform-provisioner-file: 2016/04/16 14:16:16 Beginning file upload...
2016/04/16 14:16:16 [DEBUG] terraform-provisioner-file: 2016/04/16 14:16:16 SCP session complete, closing stdin pipe.
2016/04/16 14:16:16 [DEBUG] terraform-provisioner-file: 2016/04/16 14:16:16 Waiting for SSH session to complete.
2016/04/16 14:16:16 [DEBUG] terraform-provisioner-file: 2016/04/16 14:16:16 scp stderr (length 33): Sink: C0644 696 installations.sh
2016/04/16 14:16:16 [DEBUG] terraform-provisioner-remote-exec: 2016/04/16 14:16:16 connecting to TCP connection for SSH
2016/04/16 14:16:17 [DEBUG] terraform-provisioner-remote-exec: 2016/04/16 14:16:17 handshaking with SSH
2016/04/16 14:16:17 [DEBUG] terraform-provisioner-remote-exec: 2016/04/16 14:16:17 [DEBUG] Telling SSH config to forward to agent
2016/04/16 14:16:17 [DEBUG] terraform-provisioner-remote-exec: 2016/04/16 14:16:17 [DEBUG] Setting up a session to request agent forwarding
2016/04/16 14:16:17 [DEBUG] terraform-provisioner-remote-exec: 2016/04/16 14:16:17 opening new ssh session
2016/04/16 14:16:18 [DEBUG] terraform-provisioner-remote-exec: 2016/04/16 14:16:18 [INFO] agent forwarding enabled
2016/04/16 14:16:18 [DEBUG] terraform-provisioner-remote-exec: 2016/04/16 14:16:18 opening new ssh session
2016/04/16 14:16:18 [DEBUG] terraform-provisioner-remote-exec: 2016/04/16 14:16:18 Starting remote scp process:  scp -vt /tmp
2016/04/16 14:16:18 [DEBUG] terraform-provisioner-remote-exec: 2016/04/16 14:16:18 Started SCP session, beginning transfers...
2016/04/16 14:16:18 [DEBUG] terraform-provisioner-remote-exec: 2016/04/16 14:16:18 Copying input data into temporary file so we can read the length
2016/04/16 14:16:18 [DEBUG] terraform-provisioner-remote-exec: 2016/04/16 14:16:18 Beginning file upload...
2016/04/16 14:16:18 [DEBUG] terraform-provisioner-remote-exec: 2016/04/16 14:16:18 SCP session complete, closing stdin pipe.
2016/04/16 14:16:18 [DEBUG] terraform-provisioner-remote-exec: 2016/04/16 14:16:18 Waiting for SSH session to complete.
2016/04/16 14:16:18 [DEBUG] terraform-provisioner-remote-exec: 2016/04/16 14:16:18 scp stderr (length 39): Sink: C0644 62 terraform_1298498081.sh
2016/04/16 14:16:18 [DEBUG] terraform-provisioner-remote-exec: 2016/04/16 14:16:18 opening new ssh session
2016/04/16 14:16:18 [DEBUG] terraform-provisioner-remote-exec: 2016/04/16 14:16:18 starting remote command: chmod 0777 /tmp/terraform_1298498081.sh
2016/04/16 14:16:18 [DEBUG] terraform-provisioner-remote-exec: 2016/04/16 14:16:18 remote command exited with '0': chmod 0777 /tmp/terraform_1298498081.sh
2016/04/16 14:16:18 [DEBUG] terraform-provisioner-remote-exec: 2016/04/16 14:16:18 opening new ssh session
2016/04/16 14:16:18 [DEBUG] terraform-provisioner-remote-exec: 2016/04/16 14:16:18 starting remote command: /tmp/terraform_1298498081.sh
2016/04/16 14:16:21 [DEBUG] vertex root, waiting for: provider.google (close)
2016/04/16 14:16:21 [DEBUG] vertex provider.google (close), waiting for: google_compute_instance.hubmud
2016/04/16 14:16:21 [DEBUG] vertex provisioner.remote-exec (close), waiting for: google_compute_instance.hubmud
2016/04/16 14:16:21 [DEBUG] vertex provisioner.file (close), waiting for: google_compute_instance.hubmud
2016/04/16 14:16:26 [DEBUG] vertex provisioner.remote-exec (close), waiting for: google_compute_instance.hubmud
2016/04/16 14:16:26 [DEBUG] vertex provider.google (close), waiting for: google_compute_instance.hubmud
2016/04/16 14:16:26 [DEBUG] vertex root, waiting for: provider.google (close)
2016/04/16 14:16:26 [DEBUG] vertex provisioner.file (close), waiting for: google_compute_instance.hubmud
2016/04/16 14:16:31 [DEBUG] vertex root, waiting for: provider.google (close)
2016/04/16 14:16:31 [DEBUG] vertex provider.google (close), waiting for: google_compute_instance.hubmud
2016/04/16 14:16:31 [DEBUG] vertex provisioner.file (close), waiting for: google_compute_instance.hubmud
2016/04/16 14:16:31 [DEBUG] vertex provisioner.remote-exec (close), waiting for: google_compute_instance.hubmud
2016/04/16 14:16:36 [DEBUG] vertex provisioner.remote-exec (close), waiting for: google_compute_instance.hubmud
2016/04/16 14:16:36 [DEBUG] vertex provisioner.file (close), waiting for: google_compute_instance.hubmud
2016/04/16 14:16:36 [DEBUG] vertex root, waiting for: provider.google (close)
2016/04/16 14:16:36 [DEBUG] vertex provider.google (close), waiting for: google_compute_instance.hubmud
2016/04/16 14:16:41 [DEBUG] vertex provider.google (close), waiting for: google_compute_instance.hubmud
2016/04/16 14:16:41 [DEBUG] vertex root, waiting for: provider.google (close)
2016/04/16 14:16:41 [DEBUG] vertex provisioner.file (close), waiting for: google_compute_instance.hubmud
2016/04/16 14:16:41 [DEBUG] vertex provisioner.remote-exec (close), waiting for: google_compute_instance.hubmud
2016/04/16 14:16:46 [DEBUG] vertex root, waiting for: provider.google (close)
2016/04/16 14:16:46 [DEBUG] vertex provisioner.remote-exec (close), waiting for: google_compute_instance.hubmud
2016/04/16 14:16:46 [DEBUG] vertex provisioner.file (close), waiting for: google_compute_instance.hubmud
2016/04/16 14:16:46 [DEBUG] vertex provider.google (close), waiting for: google_compute_instance.hubmud
2016/04/16 14:16:51 [DEBUG] vertex provider.google (close), waiting for: google_compute_instance.hubmud
2016/04/16 14:16:51 [DEBUG] vertex provisioner.remote-exec (close), waiting for: google_compute_instance.hubmud
2016/04/16 14:16:51 [DEBUG] vertex provisioner.file (close), waiting for: google_compute_instance.hubmud
2016/04/16 14:16:51 [DEBUG] vertex root, waiting for: provider.google (close)
2016/04/16 14:16:56 [DEBUG] vertex root, waiting for: provider.google (close)
2016/04/16 14:16:56 [DEBUG] vertex provisioner.remote-exec (close), waiting for: google_compute_instance.hubmud
2016/04/16 14:16:56 [DEBUG] vertex provider.google (close), waiting for: google_compute_instance.hubmud
2016/04/16 14:16:56 [DEBUG] vertex provisioner.file (close), waiting for: google_compute_instance.hubmud
2016/04/16 14:17:01 [DEBUG] vertex provisioner.file (close), waiting for: google_compute_instance.hubmud
2016/04/16 14:17:01 [DEBUG] vertex provider.google (close), waiting for: google_compute_instance.hubmud
2016/04/16 14:17:01 [DEBUG] vertex provisioner.remote-exec (close), waiting for: google_compute_instance.hubmud
2016/04/16 14:17:01 [DEBUG] vertex root, waiting for: provider.google (close)
